[0.148s] DEBUG:colcon:Command line arguments: ['/usr/bin/colcon', 'build']
[0.148s] DEBUG:colcon:Parsed command line arguments: Namespace(log_base=None, log_level=None, verb_name='build', build_base='build', install_base='install', merge_install=False, symlink_install=False, test_result_base=None, continue_on_error=False, executor='parallel', parallel_workers=16, event_handlers=None, ignore_user_meta=False, metas=['./colcon.meta'], base_paths=['.'], packages_ignore=None, packages_ignore_regex=None, paths=None, packages_up_to=None, packages_up_to_regex=None, packages_above=None, packages_above_and_dependencies=None, packages_above_depth=None, packages_select_by_dep=None, packages_skip_by_dep=None, packages_skip_up_to=None, packages_select_build_failed=False, packages_skip_build_finished=False, packages_select_test_failures=False, packages_skip_test_passed=False, packages_select=None, packages_skip=None, packages_select_regex=None, packages_skip_regex=None, packages_start=None, packages_end=None, allow_overriding=[], cmake_args=None, cmake_target=None, cmake_target_skip_unavailable=False, cmake_clean_cache=False, cmake_clean_first=False, cmake_force_configure=False, ament_cmake_args=None, catkin_cmake_args=None, catkin_skip_building_tests=False, mixin_files=None, mixin=None, verb_parser=<colcon_mixin.mixin.mixin_argument.MixinArgumentDecorator object at 0x75304085e420>, verb_extension=<colcon_core.verb.build.BuildVerb object at 0x75304085e030>, main=<bound method BuildVerb.main of <colcon_core.verb.build.BuildVerb object at 0x75304085e030>>, mixin_verb=('build',))
[0.196s] Level 1:colcon.colcon_core.package_discovery:discover_packages(colcon_meta) check parameters
[0.197s] Level 1:colcon.colcon_core.package_discovery:discover_packages(recursive) check parameters
[0.197s] Level 1:colcon.colcon_core.package_discovery:discover_packages(ignore) check parameters
[0.197s] Level 1:colcon.colcon_core.package_discovery:discover_packages(path) check parameters
[0.197s] Level 1:colcon.colcon_core.package_discovery:discover_packages(colcon_meta) discover
[0.197s] Level 1:colcon.colcon_core.package_discovery:discover_packages(recursive) discover
[0.197s] INFO:colcon.colcon_core.package_discovery:Crawling recursively for packages in '/home/endr/Developer/Robotics/Reference/ROS2/ros2_ws/src'
[0.197s] Level 1:colcon.colcon_core.package_identification:_identify(.) by extensions ['ignore', 'ignore_ament_install']
[0.197s] Level 1:colcon.colcon_core.package_identification:_identify(.) by extension 'ignore'
[0.197s] Level 1:colcon.colcon_core.package_identification:_identify(.) by extension 'ignore_ament_install'
[0.197s] Level 1:colcon.colcon_core.package_identification:_identify(.) by extensions ['colcon_pkg']
[0.197s] Level 1:colcon.colcon_core.package_identification:_identify(.) by extension 'colcon_pkg'
[0.197s] Level 1:colcon.colcon_core.package_identification:_identify(.) by extensions ['colcon_meta']
[0.197s] Level 1:colcon.colcon_core.package_identification:_identify(.) by extension 'colcon_meta'
[0.197s] Level 1:colcon.colcon_core.package_identification:_identify(.) by extensions ['ros']
[0.197s] Level 1:colcon.colcon_core.package_identification:_identify(.) by extension 'ros'
[0.228s] Level 1:colcon.colcon_core.package_identification:_identify(.) by extensions ['cmake', 'python']
[0.228s] Level 1:colcon.colcon_core.package_identification:_identify(.) by extension 'cmake'
[0.228s] Level 1:colcon.colcon_core.package_identification:_identify(.) by extension 'python'
[0.228s] Level 1:colcon.colcon_core.package_identification:_identify(.) by extensions ['python_setup_py']
[0.228s] Level 1:colcon.colcon_core.package_identification:_identify(.) by extension 'python_setup_py'
[0.228s] Level 1:colcon.colcon_core.package_identification:_identify(build) by extensions ['ignore', 'ignore_ament_install']
[0.228s] Level 1:colcon.colcon_core.package_identification:_identify(build) by extension 'ignore'
[0.228s] Level 1:colcon.colcon_core.package_identification:_identify(build) ignored
[0.229s] Level 1:colcon.colcon_core.package_identification:_identify(install) by extensions ['ignore', 'ignore_ament_install']
[0.229s] Level 1:colcon.colcon_core.package_identification:_identify(install) by extension 'ignore'
[0.229s] Level 1:colcon.colcon_core.package_identification:_identify(install) ignored
[0.229s] Level 1:colcon.colcon_core.package_identification:_identify(log) by extensions ['ignore', 'ignore_ament_install']
[0.229s] Level 1:colcon.colcon_core.package_identification:_identify(log) by extension 'ignore'
[0.229s] Level 1:colcon.colcon_core.package_identification:_identify(log) ignored
[0.229s] Level 1:colcon.colcon_core.package_identification:_identify(pkg1) by extensions ['ignore', 'ignore_ament_install']
[0.229s] Level 1:colcon.colcon_core.package_identification:_identify(pkg1) by extension 'ignore'
[0.229s] Level 1:colcon.colcon_core.package_identification:_identify(pkg1) by extension 'ignore_ament_install'
[0.229s] Level 1:colcon.colcon_core.package_identification:_identify(pkg1) by extensions ['colcon_pkg']
[0.229s] Level 1:colcon.colcon_core.package_identification:_identify(pkg1) by extension 'colcon_pkg'
[0.229s] Level 1:colcon.colcon_core.package_identification:_identify(pkg1) by extensions ['colcon_meta']
[0.229s] Level 1:colcon.colcon_core.package_identification:_identify(pkg1) by extension 'colcon_meta'
[0.229s] Level 1:colcon.colcon_core.package_identification:_identify(pkg1) by extensions ['ros']
[0.229s] Level 1:colcon.colcon_core.package_identification:_identify(pkg1) by extension 'ros'
[0.233s] DEBUG:colcon.colcon_core.package_identification:Package 'pkg1' with type 'ros.ament_python' and name 'pkg1'
[0.233s] Level 1:colcon.colcon_core.package_identification:_identify(pkg2) by extensions ['ignore', 'ignore_ament_install']
[0.233s] Level 1:colcon.colcon_core.package_identification:_identify(pkg2) by extension 'ignore'
[0.233s] Level 1:colcon.colcon_core.package_identification:_identify(pkg2) by extension 'ignore_ament_install'
[0.233s] Level 1:colcon.colcon_core.package_identification:_identify(pkg2) by extensions ['colcon_pkg']
[0.233s] Level 1:colcon.colcon_core.package_identification:_identify(pkg2) by extension 'colcon_pkg'
[0.233s] Level 1:colcon.colcon_core.package_identification:_identify(pkg2) by extensions ['colcon_meta']
[0.233s] Level 1:colcon.colcon_core.package_identification:_identify(pkg2) by extension 'colcon_meta'
[0.233s] Level 1:colcon.colcon_core.package_identification:_identify(pkg2) by extensions ['ros']
[0.233s] Level 1:colcon.colcon_core.package_identification:_identify(pkg2) by extension 'ros'
[0.234s] DEBUG:colcon.colcon_core.package_identification:Package 'pkg2' with type 'ros.ament_python' and name 'pkg2'
[0.234s] Level 1:colcon.colcon_core.package_discovery:discover_packages(recursive) using defaults
[0.234s] Level 1:colcon.colcon_core.package_discovery:discover_packages(ignore) discover
[0.234s] Level 1:colcon.colcon_core.package_discovery:discover_packages(ignore) using defaults
[0.234s] Level 1:colcon.colcon_core.package_discovery:discover_packages(path) discover
[0.234s] Level 1:colcon.colcon_core.package_discovery:discover_packages(path) using defaults
[0.257s] Level 1:colcon.colcon_core.package_discovery:discover_packages(prefix_path) check parameters
[0.257s] Level 1:colcon.colcon_core.package_discovery:discover_packages(prefix_path) discover
[0.260s] DEBUG:colcon.colcon_installed_package_information.package_discovery:Found 0 installed packages in /home/endr/Developer/Robotics/Reference/ROS2/ros2_ws/install
[0.261s] DEBUG:colcon.colcon_installed_package_information.package_discovery:Found 285 installed packages in /opt/ros/jazzy
[0.262s] Level 1:colcon.colcon_core.package_discovery:discover_packages(prefix_path) using defaults
[0.298s] Level 5:colcon.colcon_core.verb:set package 'pkg1' build argument 'cmake_args' from command line to 'None'
[0.298s] Level 5:colcon.colcon_core.verb:set package 'pkg1' build argument 'cmake_target' from command line to 'None'
[0.298s] Level 5:colcon.colcon_core.verb:set package 'pkg1' build argument 'cmake_target_skip_unavailable' from command line to 'False'
[0.298s] Level 5:colcon.colcon_core.verb:set package 'pkg1' build argument 'cmake_clean_cache' from command line to 'False'
[0.298s] Level 5:colcon.colcon_core.verb:set package 'pkg1' build argument 'cmake_clean_first' from command line to 'False'
[0.298s] Level 5:colcon.colcon_core.verb:set package 'pkg1' build argument 'cmake_force_configure' from command line to 'False'
[0.298s] Level 5:colcon.colcon_core.verb:set package 'pkg1' build argument 'ament_cmake_args' from command line to 'None'
[0.298s] Level 5:colcon.colcon_core.verb:set package 'pkg1' build argument 'catkin_cmake_args' from command line to 'None'
[0.299s] Level 5:colcon.colcon_core.verb:set package 'pkg1' build argument 'catkin_skip_building_tests' from command line to 'False'
[0.299s] DEBUG:colcon.colcon_core.verb:Building package 'pkg1' with the following arguments: {'ament_cmake_args': None, 'build_base': '/home/endr/Developer/Robotics/Reference/ROS2/ros2_ws/src/build/pkg1', 'catkin_cmake_args': None, 'catkin_skip_building_tests': False, 'cmake_args': None, 'cmake_clean_cache': False, 'cmake_clean_first': False, 'cmake_force_configure': False, 'cmake_target': None, 'cmake_target_skip_unavailable': False, 'install_base': '/home/endr/Developer/Robotics/Reference/ROS2/ros2_ws/src/install/pkg1', 'merge_install': False, 'path': '/home/endr/Developer/Robotics/Reference/ROS2/ros2_ws/src/pkg1', 'symlink_install': False, 'test_result_base': None}
[0.299s] Level 5:colcon.colcon_core.verb:set package 'pkg2' build argument 'cmake_args' from command line to 'None'
[0.299s] Level 5:colcon.colcon_core.verb:set package 'pkg2' build argument 'cmake_target' from command line to 'None'
[0.299s] Level 5:colcon.colcon_core.verb:set package 'pkg2' build argument 'cmake_target_skip_unavailable' from command line to 'False'
[0.299s] Level 5:colcon.colcon_core.verb:set package 'pkg2' build argument 'cmake_clean_cache' from command line to 'False'
[0.299s] Level 5:colcon.colcon_core.verb:set package 'pkg2' build argument 'cmake_clean_first' from command line to 'False'
[0.299s] Level 5:colcon.colcon_core.verb:set package 'pkg2' build argument 'cmake_force_configure' from command line to 'False'
[0.299s] Level 5:colcon.colcon_core.verb:set package 'pkg2' build argument 'ament_cmake_args' from command line to 'None'
[0.299s] Level 5:colcon.colcon_core.verb:set package 'pkg2' build argument 'catkin_cmake_args' from command line to 'None'
[0.299s] Level 5:colcon.colcon_core.verb:set package 'pkg2' build argument 'catkin_skip_building_tests' from command line to 'False'
[0.299s] DEBUG:colcon.colcon_core.verb:Building package 'pkg2' with the following arguments: {'ament_cmake_args': None, 'build_base': '/home/endr/Developer/Robotics/Reference/ROS2/ros2_ws/src/build/pkg2', 'catkin_cmake_args': None, 'catkin_skip_building_tests': False, 'cmake_args': None, 'cmake_clean_cache': False, 'cmake_clean_first': False, 'cmake_force_configure': False, 'cmake_target': None, 'cmake_target_skip_unavailable': False, 'install_base': '/home/endr/Developer/Robotics/Reference/ROS2/ros2_ws/src/install/pkg2', 'merge_install': False, 'path': '/home/endr/Developer/Robotics/Reference/ROS2/ros2_ws/src/pkg2', 'symlink_install': False, 'test_result_base': None}
[0.299s] INFO:colcon.colcon_core.executor:Executing jobs using 'parallel' executor
[0.300s] DEBUG:colcon.colcon_parallel_executor.executor.parallel:run_until_complete
[0.300s] INFO:colcon.colcon_ros.task.ament_python.build:Building ROS package in '/home/endr/Developer/Robotics/Reference/ROS2/ros2_ws/src/pkg1' with build type 'ament_python'
[0.301s] Level 1:colcon.colcon_core.shell:create_environment_hook('pkg1', 'ament_prefix_path')
[0.303s] INFO:colcon.colcon_core.plugin_system:Skipping extension 'colcon_core.shell.bat': Not used on non-Windows systems
[0.303s] INFO:colcon.colcon_core.shell:Creating environment hook '/home/endr/Developer/Robotics/Reference/ROS2/ros2_ws/src/install/pkg1/share/pkg1/hook/ament_prefix_path.ps1'
[0.304s] INFO:colcon.colcon_core.shell:Creating environment descriptor '/home/endr/Developer/Robotics/Reference/ROS2/ros2_ws/src/install/pkg1/share/pkg1/hook/ament_prefix_path.dsv'
[0.304s] INFO:colcon.colcon_core.shell:Creating environment hook '/home/endr/Developer/Robotics/Reference/ROS2/ros2_ws/src/install/pkg1/share/pkg1/hook/ament_prefix_path.sh'
[0.305s] INFO:colcon.colcon_core.shell:Skip shell extension 'powershell' for command environment: Not usable outside of PowerShell
[0.305s] DEBUG:colcon.colcon_core.shell:Skip shell extension 'dsv' for command environment
[0.309s] INFO:colcon.colcon_ros.task.ament_python.build:Building ROS package in '/home/endr/Developer/Robotics/Reference/ROS2/ros2_ws/src/pkg2' with build type 'ament_python'
[0.309s] Level 1:colcon.colcon_core.shell:create_environment_hook('pkg2', 'ament_prefix_path')
[0.309s] INFO:colcon.colcon_core.shell:Creating environment hook '/home/endr/Developer/Robotics/Reference/ROS2/ros2_ws/src/install/pkg2/share/pkg2/hook/ament_prefix_path.ps1'
[0.310s] INFO:colcon.colcon_core.shell:Creating environment descriptor '/home/endr/Developer/Robotics/Reference/ROS2/ros2_ws/src/install/pkg2/share/pkg2/hook/ament_prefix_path.dsv'
[0.310s] INFO:colcon.colcon_core.shell:Creating environment hook '/home/endr/Developer/Robotics/Reference/ROS2/ros2_ws/src/install/pkg2/share/pkg2/hook/ament_prefix_path.sh'
[0.311s] INFO:colcon.colcon_core.shell:Skip shell extension 'powershell' for command environment: Not usable outside of PowerShell
[0.311s] DEBUG:colcon.colcon_core.shell:Skip shell extension 'dsv' for command environment
[0.523s] INFO:colcon.colcon_core.task.python.build:Building Python package in '/home/endr/Developer/Robotics/Reference/ROS2/ros2_ws/src/pkg1'
[0.524s] INFO:colcon.colcon_core.shell:Skip shell extension 'powershell' for command environment: Not usable outside of PowerShell
[0.524s] DEBUG:colcon.colcon_core.shell:Skip shell extension 'dsv' for command environment
[0.693s] INFO:colcon.colcon_core.task.python.build:Building Python package in '/home/endr/Developer/Robotics/Reference/ROS2/ros2_ws/src/pkg2'
[0.694s] INFO:colcon.colcon_core.shell:Skip shell extension 'powershell' for command environment: Not usable outside of PowerShell
[0.694s] DEBUG:colcon.colcon_core.shell:Skip shell extension 'dsv' for command environment
[1.222s] DEBUG:colcon.colcon_core.event_handler.log_command:Invoking command in '/home/endr/Developer/Robotics/Reference/ROS2/ros2_ws/src/pkg2': DEBUGINFOD_URLS=https://debuginfod.ubuntu.com PYTHONPATH=/home/endr/Developer/Robotics/Reference/ROS2/ros2_ws/src/build/pkg2/prefix_override:/usr/lib/python3/dist-packages/colcon_core/task/python/colcon_distutils_commands:/home/endr/Developer/Robotics/Reference/ROS2/ros2_ws/src/install/pkg2/lib/python3.12/site-packages:${PYTHONPATH} /usr/bin/python3 -W ignore:setup.py install is deprecated setup.py egg_info --egg-base ../build/pkg2 build --build-base /home/endr/Developer/Robotics/Reference/ROS2/ros2_ws/src/build/pkg2/build install --record /home/endr/Developer/Robotics/Reference/ROS2/ros2_ws/src/build/pkg2/install.log --single-version-externally-managed install_data
[1.225s] DEBUG:colcon.colcon_core.event_handler.log_command:Invoking command in '/home/endr/Developer/Robotics/Reference/ROS2/ros2_ws/src/pkg1': DEBUGINFOD_URLS=https://debuginfod.ubuntu.com PYTHONPATH=/home/endr/Developer/Robotics/Reference/ROS2/ros2_ws/src/build/pkg1/prefix_override:/usr/lib/python3/dist-packages/colcon_core/task/python/colcon_distutils_commands:/home/endr/Developer/Robotics/Reference/ROS2/ros2_ws/src/install/pkg1/lib/python3.12/site-packages:${PYTHONPATH} /usr/bin/python3 -W ignore:setup.py install is deprecated setup.py egg_info --egg-base ../build/pkg1 build --build-base /home/endr/Developer/Robotics/Reference/ROS2/ros2_ws/src/build/pkg1/build install --record /home/endr/Developer/Robotics/Reference/ROS2/ros2_ws/src/build/pkg1/install.log --single-version-externally-managed install_data
[1.592s] DEBUG:colcon.colcon_core.event_handler.log_command:Invoked command in '/home/endr/Developer/Robotics/Reference/ROS2/ros2_ws/src/pkg2' returned '0': DEBUGINFOD_URLS=https://debuginfod.ubuntu.com PYTHONPATH=/home/endr/Developer/Robotics/Reference/ROS2/ros2_ws/src/build/pkg2/prefix_override:/usr/lib/python3/dist-packages/colcon_core/task/python/colcon_distutils_commands:/home/endr/Developer/Robotics/Reference/ROS2/ros2_ws/src/install/pkg2/lib/python3.12/site-packages:${PYTHONPATH} /usr/bin/python3 -W ignore:setup.py install is deprecated setup.py egg_info --egg-base ../build/pkg2 build --build-base /home/endr/Developer/Robotics/Reference/ROS2/ros2_ws/src/build/pkg2/build install --record /home/endr/Developer/Robotics/Reference/ROS2/ros2_ws/src/build/pkg2/install.log --single-version-externally-managed install_data
[1.604s] Level 1:colcon.colcon_core.environment:checking '/home/endr/Developer/Robotics/Reference/ROS2/ros2_ws/src/install/pkg2' for CMake module files
[1.604s] Level 1:colcon.colcon_core.environment:checking '/home/endr/Developer/Robotics/Reference/ROS2/ros2_ws/src/install/pkg2' for CMake config files
[1.605s] Level 1:colcon.colcon_core.environment:checking '/home/endr/Developer/Robotics/Reference/ROS2/ros2_ws/src/install/pkg2/lib'
[1.605s] Level 1:colcon.colcon_core.environment:checking '/home/endr/Developer/Robotics/Reference/ROS2/ros2_ws/src/install/pkg2/bin'
[1.605s] Level 1:colcon.colcon_core.environment:checking '/home/endr/Developer/Robotics/Reference/ROS2/ros2_ws/src/install/pkg2/lib/pkgconfig/pkg2.pc'
[1.605s] Level 1:colcon.colcon_core.environment:checking '/home/endr/Developer/Robotics/Reference/ROS2/ros2_ws/src/install/pkg2/lib/python3.12/site-packages'
[1.605s] Level 1:colcon.colcon_core.shell:create_environment_hook('pkg2', 'pythonpath')
[1.606s] INFO:colcon.colcon_core.shell:Creating environment hook '/home/endr/Developer/Robotics/Reference/ROS2/ros2_ws/src/install/pkg2/share/pkg2/hook/pythonpath.ps1'
[1.606s] INFO:colcon.colcon_core.shell:Creating environment descriptor '/home/endr/Developer/Robotics/Reference/ROS2/ros2_ws/src/install/pkg2/share/pkg2/hook/pythonpath.dsv'
[1.606s] INFO:colcon.colcon_core.shell:Creating environment hook '/home/endr/Developer/Robotics/Reference/ROS2/ros2_ws/src/install/pkg2/share/pkg2/hook/pythonpath.sh'
[1.607s] Level 1:colcon.colcon_core.environment:checking '/home/endr/Developer/Robotics/Reference/ROS2/ros2_ws/src/install/pkg2/bin'
[1.607s] Level 1:colcon.colcon_core.environment:create_environment_scripts_only(pkg2)
[1.607s] INFO:colcon.colcon_core.shell:Creating package script '/home/endr/Developer/Robotics/Reference/ROS2/ros2_ws/src/install/pkg2/share/pkg2/package.ps1'
[1.608s] INFO:colcon.colcon_core.shell:Creating package descriptor '/home/endr/Developer/Robotics/Reference/ROS2/ros2_ws/src/install/pkg2/share/pkg2/package.dsv'
[1.608s] INFO:colcon.colcon_core.shell:Creating package script '/home/endr/Developer/Robotics/Reference/ROS2/ros2_ws/src/install/pkg2/share/pkg2/package.sh'
[1.609s] INFO:colcon.colcon_core.shell:Creating package script '/home/endr/Developer/Robotics/Reference/ROS2/ros2_ws/src/install/pkg2/share/pkg2/package.bash'
[1.609s] INFO:colcon.colcon_core.shell:Creating package script '/home/endr/Developer/Robotics/Reference/ROS2/ros2_ws/src/install/pkg2/share/pkg2/package.zsh'
[1.610s] Level 1:colcon.colcon_core.environment:create_file_with_runtime_dependencies(/home/endr/Developer/Robotics/Reference/ROS2/ros2_ws/src/install/pkg2/share/colcon-core/packages/pkg2)
[1.610s] Level 1:colcon.colcon_core.environment:checking '/home/endr/Developer/Robotics/Reference/ROS2/ros2_ws/src/install/pkg1' for CMake module files
[1.611s] DEBUG:colcon.colcon_core.event_handler.log_command:Invoked command in '/home/endr/Developer/Robotics/Reference/ROS2/ros2_ws/src/pkg1' returned '0': DEBUGINFOD_URLS=https://debuginfod.ubuntu.com PYTHONPATH=/home/endr/Developer/Robotics/Reference/ROS2/ros2_ws/src/build/pkg1/prefix_override:/usr/lib/python3/dist-packages/colcon_core/task/python/colcon_distutils_commands:/home/endr/Developer/Robotics/Reference/ROS2/ros2_ws/src/install/pkg1/lib/python3.12/site-packages:${PYTHONPATH} /usr/bin/python3 -W ignore:setup.py install is deprecated setup.py egg_info --egg-base ../build/pkg1 build --build-base /home/endr/Developer/Robotics/Reference/ROS2/ros2_ws/src/build/pkg1/build install --record /home/endr/Developer/Robotics/Reference/ROS2/ros2_ws/src/build/pkg1/install.log --single-version-externally-managed install_data
[1.611s] Level 1:colcon.colcon_core.environment:checking '/home/endr/Developer/Robotics/Reference/ROS2/ros2_ws/src/install/pkg1' for CMake config files
[1.612s] Level 1:colcon.colcon_core.environment:checking '/home/endr/Developer/Robotics/Reference/ROS2/ros2_ws/src/install/pkg1/lib'
[1.612s] Level 1:colcon.colcon_core.environment:checking '/home/endr/Developer/Robotics/Reference/ROS2/ros2_ws/src/install/pkg1/bin'
[1.612s] Level 1:colcon.colcon_core.environment:checking '/home/endr/Developer/Robotics/Reference/ROS2/ros2_ws/src/install/pkg1/lib/pkgconfig/pkg1.pc'
[1.612s] Level 1:colcon.colcon_core.environment:checking '/home/endr/Developer/Robotics/Reference/ROS2/ros2_ws/src/install/pkg1/lib/python3.12/site-packages'
[1.612s] Level 1:colcon.colcon_core.shell:create_environment_hook('pkg1', 'pythonpath')
[1.612s] INFO:colcon.colcon_core.shell:Creating environment hook '/home/endr/Developer/Robotics/Reference/ROS2/ros2_ws/src/install/pkg1/share/pkg1/hook/pythonpath.ps1'
[1.612s] INFO:colcon.colcon_core.shell:Creating environment descriptor '/home/endr/Developer/Robotics/Reference/ROS2/ros2_ws/src/install/pkg1/share/pkg1/hook/pythonpath.dsv'
[1.612s] INFO:colcon.colcon_core.shell:Creating environment hook '/home/endr/Developer/Robotics/Reference/ROS2/ros2_ws/src/install/pkg1/share/pkg1/hook/pythonpath.sh'
[1.613s] Level 1:colcon.colcon_core.environment:checking '/home/endr/Developer/Robotics/Reference/ROS2/ros2_ws/src/install/pkg1/bin'
[1.613s] Level 1:colcon.colcon_core.environment:create_environment_scripts_only(pkg1)
[1.613s] INFO:colcon.colcon_core.shell:Creating package script '/home/endr/Developer/Robotics/Reference/ROS2/ros2_ws/src/install/pkg1/share/pkg1/package.ps1'
[1.613s] INFO:colcon.colcon_core.shell:Creating package descriptor '/home/endr/Developer/Robotics/Reference/ROS2/ros2_ws/src/install/pkg1/share/pkg1/package.dsv'
[1.613s] INFO:colcon.colcon_core.shell:Creating package script '/home/endr/Developer/Robotics/Reference/ROS2/ros2_ws/src/install/pkg1/share/pkg1/package.sh'
[1.614s] INFO:colcon.colcon_core.shell:Creating package script '/home/endr/Developer/Robotics/Reference/ROS2/ros2_ws/src/install/pkg1/share/pkg1/package.bash'
[1.614s] INFO:colcon.colcon_core.shell:Creating package script '/home/endr/Developer/Robotics/Reference/ROS2/ros2_ws/src/install/pkg1/share/pkg1/package.zsh'
[1.614s] Level 1:colcon.colcon_core.environment:create_file_with_runtime_dependencies(/home/endr/Developer/Robotics/Reference/ROS2/ros2_ws/src/install/pkg1/share/colcon-core/packages/pkg1)
[1.615s] DEBUG:colcon.colcon_parallel_executor.executor.parallel:closing loop
[1.615s] DEBUG:colcon.colcon_parallel_executor.executor.parallel:loop closed
[1.615s] DEBUG:colcon.colcon_parallel_executor.executor.parallel:run_until_complete finished with '0'
[1.615s] DEBUG:colcon.colcon_core.event_reactor:joining thread
[1.622s] INFO:colcon.colcon_core.plugin_system:Skipping extension 'colcon_notification.desktop_notification.terminal_notifier': Not used on non-Darwin systems
[1.622s] INFO:colcon.colcon_core.plugin_system:Skipping extension 'colcon_notification.desktop_notification.win32': Not used on non-Windows systems
[1.622s] INFO:colcon.colcon_notification.desktop_notification:Sending desktop notification using 'notify2'
[1.634s] DEBUG:colcon.colcon_core.event_reactor:joined thread
[1.634s] INFO:colcon.colcon_core.shell:Creating prefix script '/home/endr/Developer/Robotics/Reference/ROS2/ros2_ws/src/install/local_setup.ps1'
[1.635s] INFO:colcon.colcon_core.shell:Creating prefix util module '/home/endr/Developer/Robotics/Reference/ROS2/ros2_ws/src/install/_local_setup_util_ps1.py'
[1.636s] INFO:colcon.colcon_core.shell:Creating prefix chain script '/home/endr/Developer/Robotics/Reference/ROS2/ros2_ws/src/install/setup.ps1'
[1.636s] INFO:colcon.colcon_core.shell:Creating prefix script '/home/endr/Developer/Robotics/Reference/ROS2/ros2_ws/src/install/local_setup.sh'
[1.637s] INFO:colcon.colcon_core.shell:Creating prefix util module '/home/endr/Developer/Robotics/Reference/ROS2/ros2_ws/src/install/_local_setup_util_sh.py'
[1.637s] INFO:colcon.colcon_core.shell:Creating prefix chain script '/home/endr/Developer/Robotics/Reference/ROS2/ros2_ws/src/install/setup.sh'
[1.638s] INFO:colcon.colcon_core.shell:Creating prefix script '/home/endr/Developer/Robotics/Reference/ROS2/ros2_ws/src/install/local_setup.bash'
[1.638s] INFO:colcon.colcon_core.shell:Creating prefix chain script '/home/endr/Developer/Robotics/Reference/ROS2/ros2_ws/src/install/setup.bash'
[1.638s] INFO:colcon.colcon_core.shell:Creating prefix script '/home/endr/Developer/Robotics/Reference/ROS2/ros2_ws/src/install/local_setup.zsh'
[1.639s] INFO:colcon.colcon_core.shell:Creating prefix chain script '/home/endr/Developer/Robotics/Reference/ROS2/ros2_ws/src/install/setup.zsh'
