[0.140s] DEBUG:colcon:Command line arguments: ['/usr/bin/colcon', 'build']
[0.141s] DEBUG:colcon:Parsed command line arguments: Namespace(log_base=None, log_level=None, verb_name='build', build_base='build', install_base='install', merge_install=False, symlink_install=False, test_result_base=None, continue_on_error=False, executor='parallel', parallel_workers=16, event_handlers=None, ignore_user_meta=False, metas=['./colcon.meta'], base_paths=['.'], packages_ignore=None, packages_ignore_regex=None, paths=None, packages_up_to=None, packages_up_to_regex=None, packages_above=None, packages_above_and_dependencies=None, packages_above_depth=None, packages_select_by_dep=None, packages_skip_by_dep=None, packages_skip_up_to=None, packages_select_build_failed=False, packages_skip_build_finished=False, packages_select_test_failures=False, packages_skip_test_passed=False, packages_select=None, packages_skip=None, packages_select_regex=None, packages_skip_regex=None, packages_start=None, packages_end=None, allow_overriding=[], cmake_args=None, cmake_target=None, cmake_target_skip_unavailable=False, cmake_clean_cache=False, cmake_clean_first=False, cmake_force_configure=False, ament_cmake_args=None, catkin_cmake_args=None, catkin_skip_building_tests=False, mixin_files=None, mixin=None, verb_parser=<colcon_mixin.mixin.mixin_argument.MixinArgumentDecorator object at 0x76435d54a540>, verb_extension=<colcon_core.verb.build.BuildVerb object at 0x76435d54a1e0>, main=<bound method BuildVerb.main of <colcon_core.verb.build.BuildVerb object at 0x76435d54a1e0>>, mixin_verb=('build',))
[0.182s] Level 1:colcon.colcon_core.package_discovery:discover_packages(colcon_meta) check parameters
[0.182s] Level 1:colcon.colcon_core.package_discovery:discover_packages(recursive) check parameters
[0.182s] Level 1:colcon.colcon_core.package_discovery:discover_packages(ignore) check parameters
[0.182s] Level 1:colcon.colcon_core.package_discovery:discover_packages(path) check parameters
[0.182s] Level 1:colcon.colcon_core.package_discovery:discover_packages(colcon_meta) discover
[0.182s] Level 1:colcon.colcon_core.package_discovery:discover_packages(recursive) discover
[0.182s] INFO:colcon.colcon_core.package_discovery:Crawling recursively for packages in '/home/endr/Developer/Robotics/Reference/ROS2/ros2_ws/src/pkg1'
[0.182s] Level 1:colcon.colcon_core.package_identification:_identify(.) by extensions ['ignore', 'ignore_ament_install']
[0.182s] Level 1:colcon.colcon_core.package_identification:_identify(.) by extension 'ignore'
[0.182s] Level 1:colcon.colcon_core.package_identification:_identify(.) by extension 'ignore_ament_install'
[0.182s] Level 1:colcon.colcon_core.package_identification:_identify(.) by extensions ['colcon_pkg']
[0.182s] Level 1:colcon.colcon_core.package_identification:_identify(.) by extension 'colcon_pkg'
[0.183s] Level 1:colcon.colcon_core.package_identification:_identify(.) by extensions ['colcon_meta']
[0.183s] Level 1:colcon.colcon_core.package_identification:_identify(.) by extension 'colcon_meta'
[0.183s] Level 1:colcon.colcon_core.package_identification:_identify(.) by extensions ['ros']
[0.183s] Level 1:colcon.colcon_core.package_identification:_identify(.) by extension 'ros'
[0.215s] DEBUG:colcon.colcon_core.package_identification:Package '.' with type 'ros.ament_python' and name 'pkg1'
[0.215s] Level 1:colcon.colcon_core.package_discovery:discover_packages(recursive) using defaults
[0.215s] Level 1:colcon.colcon_core.package_discovery:discover_packages(ignore) discover
[0.215s] Level 1:colcon.colcon_core.package_discovery:discover_packages(ignore) using defaults
[0.215s] Level 1:colcon.colcon_core.package_discovery:discover_packages(path) discover
[0.215s] Level 1:colcon.colcon_core.package_discovery:discover_packages(path) using defaults
[0.233s] Level 1:colcon.colcon_core.package_discovery:discover_packages(prefix_path) check parameters
[0.233s] Level 1:colcon.colcon_core.package_discovery:discover_packages(prefix_path) discover
[0.236s] DEBUG:colcon.colcon_installed_package_information.package_discovery:Found 0 installed packages in /home/endr/Developer/Robotics/Reference/ROS2/ros2_ws/install
[0.237s] DEBUG:colcon.colcon_installed_package_information.package_discovery:Found 285 installed packages in /opt/ros/jazzy
[0.238s] Level 1:colcon.colcon_core.package_discovery:discover_packages(prefix_path) using defaults
[0.274s] Level 5:colcon.colcon_core.verb:set package 'pkg1' build argument 'cmake_args' from command line to 'None'
[0.274s] Level 5:colcon.colcon_core.verb:set package 'pkg1' build argument 'cmake_target' from command line to 'None'
[0.274s] Level 5:colcon.colcon_core.verb:set package 'pkg1' build argument 'cmake_target_skip_unavailable' from command line to 'False'
[0.274s] Level 5:colcon.colcon_core.verb:set package 'pkg1' build argument 'cmake_clean_cache' from command line to 'False'
[0.274s] Level 5:colcon.colcon_core.verb:set package 'pkg1' build argument 'cmake_clean_first' from command line to 'False'
[0.274s] Level 5:colcon.colcon_core.verb:set package 'pkg1' build argument 'cmake_force_configure' from command line to 'False'
[0.274s] Level 5:colcon.colcon_core.verb:set package 'pkg1' build argument 'ament_cmake_args' from command line to 'None'
[0.274s] Level 5:colcon.colcon_core.verb:set package 'pkg1' build argument 'catkin_cmake_args' from command line to 'None'
[0.274s] Level 5:colcon.colcon_core.verb:set package 'pkg1' build argument 'catkin_skip_building_tests' from command line to 'False'
[0.274s] DEBUG:colcon.colcon_core.verb:Building package 'pkg1' with the following arguments: {'ament_cmake_args': None, 'build_base': '/home/endr/Developer/Robotics/Reference/ROS2/ros2_ws/src/pkg1/build/pkg1', 'catkin_cmake_args': None, 'catkin_skip_building_tests': False, 'cmake_args': None, 'cmake_clean_cache': False, 'cmake_clean_first': False, 'cmake_force_configure': False, 'cmake_target': None, 'cmake_target_skip_unavailable': False, 'install_base': '/home/endr/Developer/Robotics/Reference/ROS2/ros2_ws/src/pkg1/install/pkg1', 'merge_install': False, 'path': '/home/endr/Developer/Robotics/Reference/ROS2/ros2_ws/src/pkg1', 'symlink_install': False, 'test_result_base': None}
[0.274s] INFO:colcon.colcon_core.executor:Executing jobs using 'parallel' executor
[0.275s] DEBUG:colcon.colcon_parallel_executor.executor.parallel:run_until_complete
[0.276s] INFO:colcon.colcon_ros.task.ament_python.build:Building ROS package in '/home/endr/Developer/Robotics/Reference/ROS2/ros2_ws/src/pkg1' with build type 'ament_python'
[0.276s] Level 1:colcon.colcon_core.shell:create_environment_hook('pkg1', 'ament_prefix_path')
[0.278s] INFO:colcon.colcon_core.plugin_system:Skipping extension 'colcon_core.shell.bat': Not used on non-Windows systems
[0.278s] INFO:colcon.colcon_core.shell:Creating environment hook '/home/endr/Developer/Robotics/Reference/ROS2/ros2_ws/src/pkg1/install/pkg1/share/pkg1/hook/ament_prefix_path.ps1'
[0.279s] INFO:colcon.colcon_core.shell:Creating environment descriptor '/home/endr/Developer/Robotics/Reference/ROS2/ros2_ws/src/pkg1/install/pkg1/share/pkg1/hook/ament_prefix_path.dsv'
[0.279s] INFO:colcon.colcon_core.shell:Creating environment hook '/home/endr/Developer/Robotics/Reference/ROS2/ros2_ws/src/pkg1/install/pkg1/share/pkg1/hook/ament_prefix_path.sh'
[0.280s] INFO:colcon.colcon_core.shell:Skip shell extension 'powershell' for command environment: Not usable outside of PowerShell
[0.280s] DEBUG:colcon.colcon_core.shell:Skip shell extension 'dsv' for command environment
[0.479s] INFO:colcon.colcon_core.task.python.build:Building Python package in '/home/endr/Developer/Robotics/Reference/ROS2/ros2_ws/src/pkg1'
[0.480s] INFO:colcon.colcon_core.shell:Skip shell extension 'powershell' for command environment: Not usable outside of PowerShell
[0.480s] DEBUG:colcon.colcon_core.shell:Skip shell extension 'dsv' for command environment
[0.906s] DEBUG:colcon.colcon_core.event_handler.log_command:Invoking command in '/home/endr/Developer/Robotics/Reference/ROS2/ros2_ws/src/pkg1': DEBUGINFOD_URLS=https://debuginfod.ubuntu.com PYTHONPATH=/home/endr/Developer/Robotics/Reference/ROS2/ros2_ws/src/pkg1/build/pkg1/prefix_override:/usr/lib/python3/dist-packages/colcon_core/task/python/colcon_distutils_commands:/home/endr/Developer/Robotics/Reference/ROS2/ros2_ws/src/pkg1/install/pkg1/lib/python3.12/site-packages:${PYTHONPATH} /usr/bin/python3 -W ignore:setup.py install is deprecated setup.py egg_info --egg-base build/pkg1 build --build-base /home/endr/Developer/Robotics/Reference/ROS2/ros2_ws/src/pkg1/build/pkg1/build install --record /home/endr/Developer/Robotics/Reference/ROS2/ros2_ws/src/pkg1/build/pkg1/install.log --single-version-externally-managed install_data
[1.262s] DEBUG:colcon.colcon_core.event_handler.log_command:Invoked command in '/home/endr/Developer/Robotics/Reference/ROS2/ros2_ws/src/pkg1' returned '0': DEBUGINFOD_URLS=https://debuginfod.ubuntu.com PYTHONPATH=/home/endr/Developer/Robotics/Reference/ROS2/ros2_ws/src/pkg1/build/pkg1/prefix_override:/usr/lib/python3/dist-packages/colcon_core/task/python/colcon_distutils_commands:/home/endr/Developer/Robotics/Reference/ROS2/ros2_ws/src/pkg1/install/pkg1/lib/python3.12/site-packages:${PYTHONPATH} /usr/bin/python3 -W ignore:setup.py install is deprecated setup.py egg_info --egg-base build/pkg1 build --build-base /home/endr/Developer/Robotics/Reference/ROS2/ros2_ws/src/pkg1/build/pkg1/build install --record /home/endr/Developer/Robotics/Reference/ROS2/ros2_ws/src/pkg1/build/pkg1/install.log --single-version-externally-managed install_data
[1.264s] Level 1:colcon.colcon_core.environment:checking '/home/endr/Developer/Robotics/Reference/ROS2/ros2_ws/src/pkg1/install/pkg1' for CMake module files
[1.264s] Level 1:colcon.colcon_core.environment:checking '/home/endr/Developer/Robotics/Reference/ROS2/ros2_ws/src/pkg1/install/pkg1' for CMake config files
[1.264s] Level 1:colcon.colcon_core.environment:checking '/home/endr/Developer/Robotics/Reference/ROS2/ros2_ws/src/pkg1/install/pkg1/lib'
[1.264s] Level 1:colcon.colcon_core.environment:checking '/home/endr/Developer/Robotics/Reference/ROS2/ros2_ws/src/pkg1/install/pkg1/bin'
[1.264s] Level 1:colcon.colcon_core.environment:checking '/home/endr/Developer/Robotics/Reference/ROS2/ros2_ws/src/pkg1/install/pkg1/lib/pkgconfig/pkg1.pc'
[1.265s] Level 1:colcon.colcon_core.environment:checking '/home/endr/Developer/Robotics/Reference/ROS2/ros2_ws/src/pkg1/install/pkg1/lib/python3.12/site-packages'
[1.265s] Level 1:colcon.colcon_core.shell:create_environment_hook('pkg1', 'pythonpath')
[1.265s] INFO:colcon.colcon_core.shell:Creating environment hook '/home/endr/Developer/Robotics/Reference/ROS2/ros2_ws/src/pkg1/install/pkg1/share/pkg1/hook/pythonpath.ps1'
[1.265s] INFO:colcon.colcon_core.shell:Creating environment descriptor '/home/endr/Developer/Robotics/Reference/ROS2/ros2_ws/src/pkg1/install/pkg1/share/pkg1/hook/pythonpath.dsv'
[1.265s] INFO:colcon.colcon_core.shell:Creating environment hook '/home/endr/Developer/Robotics/Reference/ROS2/ros2_ws/src/pkg1/install/pkg1/share/pkg1/hook/pythonpath.sh'
[1.266s] Level 1:colcon.colcon_core.environment:checking '/home/endr/Developer/Robotics/Reference/ROS2/ros2_ws/src/pkg1/install/pkg1/bin'
[1.266s] Level 1:colcon.colcon_core.environment:create_environment_scripts_only(pkg1)
[1.266s] INFO:colcon.colcon_core.shell:Creating package script '/home/endr/Developer/Robotics/Reference/ROS2/ros2_ws/src/pkg1/install/pkg1/share/pkg1/package.ps1'
[1.266s] INFO:colcon.colcon_core.shell:Creating package descriptor '/home/endr/Developer/Robotics/Reference/ROS2/ros2_ws/src/pkg1/install/pkg1/share/pkg1/package.dsv'
[1.267s] INFO:colcon.colcon_core.shell:Creating package script '/home/endr/Developer/Robotics/Reference/ROS2/ros2_ws/src/pkg1/install/pkg1/share/pkg1/package.sh'
[1.267s] INFO:colcon.colcon_core.shell:Creating package script '/home/endr/Developer/Robotics/Reference/ROS2/ros2_ws/src/pkg1/install/pkg1/share/pkg1/package.bash'
[1.267s] INFO:colcon.colcon_core.shell:Creating package script '/home/endr/Developer/Robotics/Reference/ROS2/ros2_ws/src/pkg1/install/pkg1/share/pkg1/package.zsh'
[1.268s] Level 1:colcon.colcon_core.environment:create_file_with_runtime_dependencies(/home/endr/Developer/Robotics/Reference/ROS2/ros2_ws/src/pkg1/install/pkg1/share/colcon-core/packages/pkg1)
[1.268s] DEBUG:colcon.colcon_parallel_executor.executor.parallel:closing loop
[1.268s] DEBUG:colcon.colcon_parallel_executor.executor.parallel:loop closed
[1.268s] DEBUG:colcon.colcon_parallel_executor.executor.parallel:run_until_complete finished with '0'
[1.268s] DEBUG:colcon.colcon_core.event_reactor:joining thread
[1.274s] INFO:colcon.colcon_core.plugin_system:Skipping extension 'colcon_notification.desktop_notification.terminal_notifier': Not used on non-Darwin systems
[1.274s] INFO:colcon.colcon_core.plugin_system:Skipping extension 'colcon_notification.desktop_notification.win32': Not used on non-Windows systems
[1.274s] INFO:colcon.colcon_notification.desktop_notification:Sending desktop notification using 'notify2'
[1.286s] DEBUG:colcon.colcon_core.event_reactor:joined thread
[1.286s] INFO:colcon.colcon_core.shell:Creating prefix script '/home/endr/Developer/Robotics/Reference/ROS2/ros2_ws/src/pkg1/install/local_setup.ps1'
[1.288s] INFO:colcon.colcon_core.shell:Creating prefix util module '/home/endr/Developer/Robotics/Reference/ROS2/ros2_ws/src/pkg1/install/_local_setup_util_ps1.py'
[1.288s] INFO:colcon.colcon_core.shell:Creating prefix chain script '/home/endr/Developer/Robotics/Reference/ROS2/ros2_ws/src/pkg1/install/setup.ps1'
[1.289s] INFO:colcon.colcon_core.shell:Creating prefix script '/home/endr/Developer/Robotics/Reference/ROS2/ros2_ws/src/pkg1/install/local_setup.sh'
[1.289s] INFO:colcon.colcon_core.shell:Creating prefix util module '/home/endr/Developer/Robotics/Reference/ROS2/ros2_ws/src/pkg1/install/_local_setup_util_sh.py'
[1.289s] INFO:colcon.colcon_core.shell:Creating prefix chain script '/home/endr/Developer/Robotics/Reference/ROS2/ros2_ws/src/pkg1/install/setup.sh'
[1.290s] INFO:colcon.colcon_core.shell:Creating prefix script '/home/endr/Developer/Robotics/Reference/ROS2/ros2_ws/src/pkg1/install/local_setup.bash'
[1.290s] INFO:colcon.colcon_core.shell:Creating prefix chain script '/home/endr/Developer/Robotics/Reference/ROS2/ros2_ws/src/pkg1/install/setup.bash'
[1.290s] INFO:colcon.colcon_core.shell:Creating prefix script '/home/endr/Developer/Robotics/Reference/ROS2/ros2_ws/src/pkg1/install/local_setup.zsh'
[1.291s] INFO:colcon.colcon_core.shell:Creating prefix chain script '/home/endr/Developer/Robotics/Reference/ROS2/ros2_ws/src/pkg1/install/setup.zsh'
