[1.473s] Invoking command in '/home/endr/Developer/Robotics/Reference/ROS2/ros2_ws/src/pkg1': DEBUGINFOD_URLS=https://debuginfod.ubuntu.com PYTHONPATH=/home/endr/Developer/Robotics/Reference/ROS2/ros2_ws/build/pkg1/prefix_override:/usr/lib/python3/dist-packages/colcon_core/task/python/colcon_distutils_commands:/home/endr/Developer/Robotics/Reference/ROS2/ros2_ws/install/pkg1/lib/python3.12/site-packages:${PYTHONPATH} /usr/bin/python3 -W ignore:setup.py install is deprecated -W ignore:easy_install command is deprecated setup.py egg_info --egg-base ../../build/pkg1 build --build-base /home/endr/Developer/Robotics/Reference/ROS2/ros2_ws/build/pkg1/build install --record /home/endr/Developer/Robotics/Reference/ROS2/ros2_ws/build/pkg1/install.log --single-version-externally-managed install_data
[1.990s] running egg_info
[2.025s] writing ../../build/pkg1/pkg1.egg-info/PKG-INFO
[2.026s] writing dependency_links to ../../build/pkg1/pkg1.egg-info/dependency_links.txt
[2.026s] writing entry points to ../../build/pkg1/pkg1.egg-info/entry_points.txt
[2.026s] writing requirements to ../../build/pkg1/pkg1.egg-info/requires.txt
[2.026s] writing top-level names to ../../build/pkg1/pkg1.egg-info/top_level.txt
[2.099s] reading manifest file '../../build/pkg1/pkg1.egg-info/SOURCES.txt'
[2.101s] writing manifest file '../../build/pkg1/pkg1.egg-info/SOURCES.txt'
[2.101s] running build
[2.102s] running build_py
[2.103s] running install
[2.117s] running install_lib
[2.154s] running install_data
[2.154s] running install_egg_info
[2.194s] removing '/home/endr/Developer/Robotics/Reference/ROS2/ros2_ws/install/pkg1/lib/python3.12/site-packages/pkg1-0.0.1-py3.12.egg-info' (and everything under it)
[2.195s] Copying ../../build/pkg1/pkg1.egg-info to /home/endr/Developer/Robotics/Reference/ROS2/ros2_ws/install/pkg1/lib/python3.12/site-packages/pkg1-0.0.1-py3.12.egg-info
[2.197s] running install_scripts
[2.451s] Installing python_node script to /home/endr/Developer/Robotics/Reference/ROS2/ros2_ws/install/pkg1/lib/pkg1
[2.452s] writing list of installed files to '/home/endr/Developer/Robotics/Reference/ROS2/ros2_ws/build/pkg1/install.log'
[2.507s] Invoked command in '/home/endr/Developer/Robotics/Reference/ROS2/ros2_ws/src/pkg1' returned '0': DEBUGINFOD_URLS=https://debuginfod.ubuntu.com PYTHONPATH=/home/endr/Developer/Robotics/Reference/ROS2/ros2_ws/build/pkg1/prefix_override:/usr/lib/python3/dist-packages/colcon_core/task/python/colcon_distutils_commands:/home/endr/Developer/Robotics/Reference/ROS2/ros2_ws/install/pkg1/lib/python3.12/site-packages:${PYTHONPATH} /usr/bin/python3 -W ignore:setup.py install is deprecated -W ignore:easy_install command is deprecated setup.py egg_info --egg-base ../../build/pkg1 build --build-base /home/endr/Developer/Robotics/Reference/ROS2/ros2_ws/build/pkg1/build install --record /home/endr/Developer/Robotics/Reference/ROS2/ros2_ws/build/pkg1/install.log --single-version-externally-managed install_data
