[0.816s] Invoking command in '/home/endr/Developer/Robotics/Reference/ROS2/ros2_ws/src/pkg1': DEBUGINFOD_URLS=https://debuginfod.ubuntu.com PYTHONPATH=/home/endr/Developer/Robotics/Reference/ROS2/ros2_ws/build/pkg1/prefix_override:/usr/lib/python3/dist-packages/colcon_core/task/python/colcon_distutils_commands:/home/endr/Developer/Robotics/Reference/ROS2/ros2_ws/install/pkg1/lib/python3.12/site-packages:${PYTHONPATH} /usr/bin/python3 -W ignore:setup.py install is deprecated -W ignore:easy_install command is deprecated setup.py egg_info --egg-base ../../build/pkg1 build --build-base /home/endr/Developer/Robotics/Reference/ROS2/ros2_ws/build/pkg1/build install --record /home/endr/Developer/Robotics/Reference/ROS2/ros2_ws/build/pkg1/install.log --single-version-externally-managed install_data
[0.976s] running egg_info
[0.986s] writing ../../build/pkg1/pkg1.egg-info/PKG-INFO
[0.986s] writing dependency_links to ../../build/pkg1/pkg1.egg-info/dependency_links.txt
[0.986s] writing entry points to ../../build/pkg1/pkg1.egg-info/entry_points.txt
[0.986s] writing requirements to ../../build/pkg1/pkg1.egg-info/requires.txt
[0.987s] writing top-level names to ../../build/pkg1/pkg1.egg-info/top_level.txt
[1.006s] reading manifest file '../../build/pkg1/pkg1.egg-info/SOURCES.txt'
[1.007s] writing manifest file '../../build/pkg1/pkg1.egg-info/SOURCES.txt'
[1.007s] running build
[1.007s] running build_py
[1.007s] copying pkg1/node1.py -> /home/endr/Developer/Robotics/Reference/ROS2/ros2_ws/build/pkg1/build/lib/pkg1
[1.007s] running install
[1.012s] running install_lib
[1.024s] copying /home/endr/Developer/Robotics/Reference/ROS2/ros2_ws/build/pkg1/build/lib/pkg1/node1.py -> /home/endr/Developer/Robotics/Reference/ROS2/ros2_ws/install/pkg1/lib/python3.12/site-packages/pkg1
[1.024s] byte-compiling /home/endr/Developer/Robotics/Reference/ROS2/ros2_ws/install/pkg1/lib/python3.12/site-packages/pkg1/node1.py to node1.cpython-312.pyc
[1.025s] running install_data
[1.025s] running install_egg_info
[1.037s] removing '/home/endr/Developer/Robotics/Reference/ROS2/ros2_ws/install/pkg1/lib/python3.12/site-packages/pkg1-0.0.1-py3.12.egg-info' (and everything under it)
[1.037s] Copying ../../build/pkg1/pkg1.egg-info to /home/endr/Developer/Robotics/Reference/ROS2/ros2_ws/install/pkg1/lib/python3.12/site-packages/pkg1-0.0.1-py3.12.egg-info
[1.038s] running install_scripts
[1.122s] Installing python_node script to /home/endr/Developer/Robotics/Reference/ROS2/ros2_ws/install/pkg1/lib/pkg1
[1.123s] writing list of installed files to '/home/endr/Developer/Robotics/Reference/ROS2/ros2_ws/build/pkg1/install.log'
[1.150s] Invoked command in '/home/endr/Developer/Robotics/Reference/ROS2/ros2_ws/src/pkg1' returned '0': DEBUGINFOD_URLS=https://debuginfod.ubuntu.com PYTHONPATH=/home/endr/Developer/Robotics/Reference/ROS2/ros2_ws/build/pkg1/prefix_override:/usr/lib/python3/dist-packages/colcon_core/task/python/colcon_distutils_commands:/home/endr/Developer/Robotics/Reference/ROS2/ros2_ws/install/pkg1/lib/python3.12/site-packages:${PYTHONPATH} /usr/bin/python3 -W ignore:setup.py install is deprecated -W ignore:easy_install command is deprecated setup.py egg_info --egg-base ../../build/pkg1 build --build-base /home/endr/Developer/Robotics/Reference/ROS2/ros2_ws/build/pkg1/build install --record /home/endr/Developer/Robotics/Reference/ROS2/ros2_ws/build/pkg1/install.log --single-version-externally-managed install_data
