[0.924s] Invoking command in '/home/endr/Developer/Robotics/Reference/ROS2/ros2_ws/src/pkg1': DEBUGINFOD_URLS=https://debuginfod.ubuntu.com PYTHONPATH=/home/endr/Developer/Robotics/Reference/ROS2/ros2_ws/src/build/pkg1/prefix_override:/usr/lib/python3/dist-packages/colcon_core/task/python/colcon_distutils_commands:/home/endr/Developer/Robotics/Reference/ROS2/ros2_ws/src/install/pkg1/lib/python3.12/site-packages:${PYTHONPATH} /usr/bin/python3 -W ignore:setup.py install is deprecated setup.py egg_info --egg-base ../build/pkg1 build --build-base /home/endr/Developer/Robotics/Reference/ROS2/ros2_ws/src/build/pkg1/build install --record /home/endr/Developer/Robotics/Reference/ROS2/ros2_ws/src/build/pkg1/install.log --single-version-externally-managed install_data
[1.097s] running egg_info
[1.098s] creating ../build/pkg1/pkg1.egg-info
[1.110s] writing ../build/pkg1/pkg1.egg-info/PKG-INFO
[1.110s] writing dependency_links to ../build/pkg1/pkg1.egg-info/dependency_links.txt
[1.110s] writing requirements to ../build/pkg1/pkg1.egg-info/requires.txt
[1.110s] writing top-level names to ../build/pkg1/pkg1.egg-info/top_level.txt
[1.110s] writing manifest file '../build/pkg1/pkg1.egg-info/SOURCES.txt'
[1.135s] reading manifest file '../build/pkg1/pkg1.egg-info/SOURCES.txt'
[1.135s] writing manifest file '../build/pkg1/pkg1.egg-info/SOURCES.txt'
[1.135s] running build
[1.135s] running build_py
[1.135s] creating /home/endr/Developer/Robotics/Reference/ROS2/ros2_ws/src/build/pkg1/build
[1.135s] creating /home/endr/Developer/Robotics/Reference/ROS2/ros2_ws/src/build/pkg1/build/lib
[1.136s] creating /home/endr/Developer/Robotics/Reference/ROS2/ros2_ws/src/build/pkg1/build/lib/pkg1
[1.136s] copying pkg1/__init__.py -> /home/endr/Developer/Robotics/Reference/ROS2/ros2_ws/src/build/pkg1/build/lib/pkg1
[1.136s] running install
[1.140s] running install_lib
[1.152s] creating /home/endr/Developer/Robotics/Reference/ROS2/ros2_ws/src/install/pkg1/lib/python3.12/site-packages/pkg1
[1.152s] copying /home/endr/Developer/Robotics/Reference/ROS2/ros2_ws/src/build/pkg1/build/lib/pkg1/__init__.py -> /home/endr/Developer/Robotics/Reference/ROS2/ros2_ws/src/install/pkg1/lib/python3.12/site-packages/pkg1
[1.153s] byte-compiling /home/endr/Developer/Robotics/Reference/ROS2/ros2_ws/src/install/pkg1/lib/python3.12/site-packages/pkg1/__init__.py to __init__.cpython-312.pyc
[1.153s] running install_data
[1.153s] creating /home/endr/Developer/Robotics/Reference/ROS2/ros2_ws/src/install/pkg1/share/ament_index
[1.153s] creating /home/endr/Developer/Robotics/Reference/ROS2/ros2_ws/src/install/pkg1/share/ament_index/resource_index
[1.153s] creating /home/endr/Developer/Robotics/Reference/ROS2/ros2_ws/src/install/pkg1/share/ament_index/resource_index/packages
[1.153s] copying resource/pkg1 -> /home/endr/Developer/Robotics/Reference/ROS2/ros2_ws/src/install/pkg1/share/ament_index/resource_index/packages
[1.154s] copying package.xml -> /home/endr/Developer/Robotics/Reference/ROS2/ros2_ws/src/install/pkg1/share/pkg1
[1.154s] running install_egg_info
[1.166s] Copying ../build/pkg1/pkg1.egg-info to /home/endr/Developer/Robotics/Reference/ROS2/ros2_ws/src/install/pkg1/lib/python3.12/site-packages/pkg1-0.0.0-py3.12.egg-info
[1.166s] running install_scripts
[1.260s] writing list of installed files to '/home/endr/Developer/Robotics/Reference/ROS2/ros2_ws/src/build/pkg1/install.log'
[1.310s] Invoked command in '/home/endr/Developer/Robotics/Reference/ROS2/ros2_ws/src/pkg1' returned '0': DEBUGINFOD_URLS=https://debuginfod.ubuntu.com PYTHONPATH=/home/endr/Developer/Robotics/Reference/ROS2/ros2_ws/src/build/pkg1/prefix_override:/usr/lib/python3/dist-packages/colcon_core/task/python/colcon_distutils_commands:/home/endr/Developer/Robotics/Reference/ROS2/ros2_ws/src/install/pkg1/lib/python3.12/site-packages:${PYTHONPATH} /usr/bin/python3 -W ignore:setup.py install is deprecated setup.py egg_info --egg-base ../build/pkg1 build --build-base /home/endr/Developer/Robotics/Reference/ROS2/ros2_ws/src/build/pkg1/build install --record /home/endr/Developer/Robotics/Reference/ROS2/ros2_ws/src/build/pkg1/install.log --single-version-externally-managed install_data
