[0.362s] Invoking command in '/home/endr/Developer/Robotics/Reference/ROS2/ros2_ws/build/pkg2': CMAKE_PREFIX_PATH=${CMAKE_PREFIX_PATH}:/home/endr/Developer/Robotics/Reference/ROS2/ros2_ws/install/pkg2:/home/endr/Developer/Robotics/Reference/ROS2/ros2_ws/install/pkg1:/opt/ros/jazzy DEBUGINFOD_URLS=https://debuginfod.ubuntu.com /home/endr/anaconda3/envs/robotics/bin/cmake /home/endr/Developer/Robotics/Reference/ROS2/ros2_ws/src/pkg2 -DCMAKE_INSTALL_PREFIX=/home/endr/Developer/Robotics/Reference/ROS2/ros2_ws/install/pkg2
[0.596s] [0mCMake Deprecation Warning at CMakeLists.txt:1 (cmake_minimum_required):
[0.596s]   Compatibility with CMake < 3.10 will be removed from a future version of
[0.596s]   CMake.
[0.597s] 
[0.597s]   Update the VERSION argument <min> value.  Or, use the <min>...<max> syntax
[0.597s]   to tell CMake that the project requires at least <min> but has been updated
[0.597s]   to work with policies introduced by <max> or earlier.
[0.597s] 
[0.597s] [0m
[0.741s] -- The C compiler identification is GNU 12.4.0
[0.905s] -- The CXX compiler identification is GNU 13.3.0
[0.923s] -- Detecting C compiler ABI info
[1.053s] -- Detecting C compiler ABI info - done
[1.091s] -- Check for working C compiler: /home/endr/anaconda3/envs/robotics/bin/cc - skipped
[1.092s] -- Detecting C compile features
[1.093s] -- Detecting C compile features - done
[1.115s] -- Detecting CXX compiler ABI info
[1.225s] -- Detecting CXX compiler ABI info - done
[1.251s] -- Check for working CXX compiler: /usr/bin/c++ - skipped
[1.251s] -- Detecting CXX compile features
[1.252s] -- Detecting CXX compile features - done
[1.271s] -- Found ament_cmake: 2.5.2 (/opt/ros/jazzy/share/ament_cmake/cmake)
[1.493s] -- Found Python3: /home/endr/anaconda3/envs/robotics/bin/python3 (found version "3.12.4") found components: Interpreter
[1.706s] -- Found rclcpp: 28.1.5 (/opt/ros/jazzy/share/rclcpp/cmake)
[1.772s] -- Found rosidl_generator_c: 4.6.4 (/opt/ros/jazzy/share/rosidl_generator_c/cmake)
[1.791s] -- Found rosidl_generator_cpp: 4.6.4 (/opt/ros/jazzy/share/rosidl_generator_cpp/cmake)
[1.824s] -- Using all available rosidl_typesupport_c: rosidl_typesupport_fastrtps_c;rosidl_typesupport_introspection_c
[1.852s] -- Using all available rosidl_typesupport_cpp: rosidl_typesupport_fastrtps_cpp;rosidl_typesupport_introspection_cpp
[1.976s] -- Found rmw_implementation_cmake: 7.3.1 (/opt/ros/jazzy/share/rmw_implementation_cmake/cmake)
[1.981s] -- Found rmw_fastrtps_cpp: 8.4.1 (/opt/ros/jazzy/share/rmw_fastrtps_cpp/cmake)
[2.116s] -- Found OpenSSL: /usr/lib/x86_64-linux-gnu/libcrypto.so (found version "3.0.13")
[2.149s] -- Found FastRTPS: /opt/ros/jazzy/include (Required is at least version "2.13")
[2.201s] -- Using RMW implementation 'rmw_fastrtps_cpp' as default
[2.329s] -- Found ament_lint_auto: 0.17.1 (/opt/ros/jazzy/share/ament_lint_auto/cmake)
[2.530s] -- Added test 'lint_cmake' to check CMake code style
[2.532s] -- Added test 'xmllint' to check XML markup files
[2.534s] -- Configuring done (1.9s)
[2.543s] -- Generating done (0.0s)
[2.544s] -- Build files have been written to: /home/endr/Developer/Robotics/Reference/ROS2/ros2_ws/build/pkg2
[2.555s] Invoked command in '/home/endr/Developer/Robotics/Reference/ROS2/ros2_ws/build/pkg2' returned '0': CMAKE_PREFIX_PATH=${CMAKE_PREFIX_PATH}:/home/endr/Developer/Robotics/Reference/ROS2/ros2_ws/install/pkg2:/home/endr/Developer/Robotics/Reference/ROS2/ros2_ws/install/pkg1:/opt/ros/jazzy DEBUGINFOD_URLS=https://debuginfod.ubuntu.com /home/endr/anaconda3/envs/robotics/bin/cmake /home/endr/Developer/Robotics/Reference/ROS2/ros2_ws/src/pkg2 -DCMAKE_INSTALL_PREFIX=/home/endr/Developer/Robotics/Reference/ROS2/ros2_ws/install/pkg2
[2.558s] Invoking command in '/home/endr/Developer/Robotics/Reference/ROS2/ros2_ws/build/pkg2': CMAKE_PREFIX_PATH=${CMAKE_PREFIX_PATH}:/home/endr/Developer/Robotics/Reference/ROS2/ros2_ws/install/pkg2:/home/endr/Developer/Robotics/Reference/ROS2/ros2_ws/install/pkg1:/opt/ros/jazzy DEBUGINFOD_URLS=https://debuginfod.ubuntu.com /home/endr/anaconda3/envs/robotics/bin/cmake --build /home/endr/Developer/Robotics/Reference/ROS2/ros2_ws/build/pkg2 -- -j16 -l16
[2.816s] Invoked command in '/home/endr/Developer/Robotics/Reference/ROS2/ros2_ws/build/pkg2' returned '0': CMAKE_PREFIX_PATH=${CMAKE_PREFIX_PATH}:/home/endr/Developer/Robotics/Reference/ROS2/ros2_ws/install/pkg2:/home/endr/Developer/Robotics/Reference/ROS2/ros2_ws/install/pkg1:/opt/ros/jazzy DEBUGINFOD_URLS=https://debuginfod.ubuntu.com /home/endr/anaconda3/envs/robotics/bin/cmake --build /home/endr/Developer/Robotics/Reference/ROS2/ros2_ws/build/pkg2 -- -j16 -l16
[3.062s] Invoking command in '/home/endr/Developer/Robotics/Reference/ROS2/ros2_ws/build/pkg2': CMAKE_PREFIX_PATH=${CMAKE_PREFIX_PATH}:/home/endr/Developer/Robotics/Reference/ROS2/ros2_ws/install/pkg2:/home/endr/Developer/Robotics/Reference/ROS2/ros2_ws/install/pkg1:/opt/ros/jazzy DEBUGINFOD_URLS=https://debuginfod.ubuntu.com /home/endr/anaconda3/envs/robotics/bin/cmake --install /home/endr/Developer/Robotics/Reference/ROS2/ros2_ws/build/pkg2
[3.242s] -- Install configuration: ""
[3.243s] -- Installing: /home/endr/Developer/Robotics/Reference/ROS2/ros2_ws/install/pkg2/share/ament_index/resource_index/package_run_dependencies/pkg2
[3.243s] -- Installing: /home/endr/Developer/Robotics/Reference/ROS2/ros2_ws/install/pkg2/share/ament_index/resource_index/parent_prefix_path/pkg2
[3.243s] -- Installing: /home/endr/Developer/Robotics/Reference/ROS2/ros2_ws/install/pkg2/share/pkg2/environment/ament_prefix_path.sh
[3.244s] -- Installing: /home/endr/Developer/Robotics/Reference/ROS2/ros2_ws/install/pkg2/share/pkg2/environment/ament_prefix_path.dsv
[3.244s] -- Installing: /home/endr/Developer/Robotics/Reference/ROS2/ros2_ws/install/pkg2/share/pkg2/environment/path.sh
[3.244s] -- Installing: /home/endr/Developer/Robotics/Reference/ROS2/ros2_ws/install/pkg2/share/pkg2/environment/path.dsv
[3.244s] -- Installing: /home/endr/Developer/Robotics/Reference/ROS2/ros2_ws/install/pkg2/share/pkg2/local_setup.bash
[3.244s] -- Installing: /home/endr/Developer/Robotics/Reference/ROS2/ros2_ws/install/pkg2/share/pkg2/local_setup.sh
[3.244s] -- Installing: /home/endr/Developer/Robotics/Reference/ROS2/ros2_ws/install/pkg2/share/pkg2/local_setup.zsh
[3.245s] -- Installing: /home/endr/Developer/Robotics/Reference/ROS2/ros2_ws/install/pkg2/share/pkg2/local_setup.dsv
[3.245s] -- Installing: /home/endr/Developer/Robotics/Reference/ROS2/ros2_ws/install/pkg2/share/pkg2/package.dsv
[3.245s] -- Installing: /home/endr/Developer/Robotics/Reference/ROS2/ros2_ws/install/pkg2/share/ament_index/resource_index/packages/pkg2
[3.245s] -- Installing: /home/endr/Developer/Robotics/Reference/ROS2/ros2_ws/install/pkg2/share/pkg2/cmake/pkg2Config.cmake
[3.246s] -- Installing: /home/endr/Developer/Robotics/Reference/ROS2/ros2_ws/install/pkg2/share/pkg2/cmake/pkg2Config-version.cmake
[3.246s] -- Installing: /home/endr/Developer/Robotics/Reference/ROS2/ros2_ws/install/pkg2/share/pkg2/package.xml
[3.249s] Invoked command in '/home/endr/Developer/Robotics/Reference/ROS2/ros2_ws/build/pkg2' returned '0': CMAKE_PREFIX_PATH=${CMAKE_PREFIX_PATH}:/home/endr/Developer/Robotics/Reference/ROS2/ros2_ws/install/pkg2:/home/endr/Developer/Robotics/Reference/ROS2/ros2_ws/install/pkg1:/opt/ros/jazzy DEBUGINFOD_URLS=https://debuginfod.ubuntu.com /home/endr/anaconda3/envs/robotics/bin/cmake --install /home/endr/Developer/Robotics/Reference/ROS2/ros2_ws/build/pkg2
