[0.347s] Invoking command in '/home/endr/Developer/Robotics/Reference/ROS2/ros2_ws/build/pkg2': CMAKE_PREFIX_PATH=${CMAKE_PREFIX_PATH}:/home/endr/Developer/Robotics/Reference/ROS2/ros2_ws/install/pkg2:/home/endr/Developer/Robotics/Reference/ROS2/ros2_ws/install/pkg1:/opt/ros/jazzy DEBUGINFOD_URLS=https://debuginfod.ubuntu.com /home/endr/anaconda3/envs/robotics/bin/cmake --build /home/endr/Developer/Robotics/Reference/ROS2/ros2_ws/build/pkg2 -- -j16 -l16
[0.544s] Invoked command in '/home/endr/Developer/Robotics/Reference/ROS2/ros2_ws/build/pkg2' returned '0': CMAKE_PREFIX_PATH=${CMAKE_PREFIX_PATH}:/home/endr/Developer/Robotics/Reference/ROS2/ros2_ws/install/pkg2:/home/endr/Developer/Robotics/Reference/ROS2/ros2_ws/install/pkg1:/opt/ros/jazzy DEBUGINFOD_URLS=https://debuginfod.ubuntu.com /home/endr/anaconda3/envs/robotics/bin/cmake --build /home/endr/Developer/Robotics/Reference/ROS2/ros2_ws/build/pkg2 -- -j16 -l16
[0.739s] Invoking command in '/home/endr/Developer/Robotics/Reference/ROS2/ros2_ws/build/pkg2': CMAKE_PREFIX_PATH=${CMAKE_PREFIX_PATH}:/home/endr/Developer/Robotics/Reference/ROS2/ros2_ws/install/pkg2:/home/endr/Developer/Robotics/Reference/ROS2/ros2_ws/install/pkg1:/opt/ros/jazzy DEBUGINFOD_URLS=https://debuginfod.ubuntu.com /home/endr/anaconda3/envs/robotics/bin/cmake --install /home/endr/Developer/Robotics/Reference/ROS2/ros2_ws/build/pkg2
[0.903s] -- Install configuration: ""
[0.904s] -- Up-to-date: /home/endr/Developer/Robotics/Reference/ROS2/ros2_ws/install/pkg2/share/ament_index/resource_index/package_run_dependencies/pkg2
[0.904s] -- Up-to-date: /home/endr/Developer/Robotics/Reference/ROS2/ros2_ws/install/pkg2/share/ament_index/resource_index/parent_prefix_path/pkg2
[0.904s] -- Up-to-date: /home/endr/Developer/Robotics/Reference/ROS2/ros2_ws/install/pkg2/share/pkg2/environment/ament_prefix_path.sh
[0.904s] -- Up-to-date: /home/endr/Developer/Robotics/Reference/ROS2/ros2_ws/install/pkg2/share/pkg2/environment/ament_prefix_path.dsv
[0.904s] -- Up-to-date: /home/endr/Developer/Robotics/Reference/ROS2/ros2_ws/install/pkg2/share/pkg2/environment/path.sh
[0.904s] -- Up-to-date: /home/endr/Developer/Robotics/Reference/ROS2/ros2_ws/install/pkg2/share/pkg2/environment/path.dsv
[0.904s] -- Up-to-date: /home/endr/Developer/Robotics/Reference/ROS2/ros2_ws/install/pkg2/share/pkg2/local_setup.bash
[0.904s] -- Up-to-date: /home/endr/Developer/Robotics/Reference/ROS2/ros2_ws/install/pkg2/share/pkg2/local_setup.sh
[0.904s] -- Up-to-date: /home/endr/Developer/Robotics/Reference/ROS2/ros2_ws/install/pkg2/share/pkg2/local_setup.zsh
[0.905s] -- Up-to-date: /home/endr/Developer/Robotics/Reference/ROS2/ros2_ws/install/pkg2/share/pkg2/local_setup.dsv
[0.905s] -- Installing: /home/endr/Developer/Robotics/Reference/ROS2/ros2_ws/install/pkg2/share/pkg2/package.dsv
[0.905s] -- Up-to-date: /home/endr/Developer/Robotics/Reference/ROS2/ros2_ws/install/pkg2/share/ament_index/resource_index/packages/pkg2
[0.905s] -- Up-to-date: /home/endr/Developer/Robotics/Reference/ROS2/ros2_ws/install/pkg2/share/pkg2/cmake/pkg2Config.cmake
[0.905s] -- Up-to-date: /home/endr/Developer/Robotics/Reference/ROS2/ros2_ws/install/pkg2/share/pkg2/cmake/pkg2Config-version.cmake
[0.905s] -- Up-to-date: /home/endr/Developer/Robotics/Reference/ROS2/ros2_ws/install/pkg2/share/pkg2/package.xml
[0.907s] Invoked command in '/home/endr/Developer/Robotics/Reference/ROS2/ros2_ws/build/pkg2' returned '0': CMAKE_PREFIX_PATH=${CMAKE_PREFIX_PATH}:/home/endr/Developer/Robotics/Reference/ROS2/ros2_ws/install/pkg2:/home/endr/Developer/Robotics/Reference/ROS2/ros2_ws/install/pkg1:/opt/ros/jazzy DEBUGINFOD_URLS=https://debuginfod.ubuntu.com /home/endr/anaconda3/envs/robotics/bin/cmake --install /home/endr/Developer/Robotics/Reference/ROS2/ros2_ws/build/pkg2
