[0.353s] Invoking command in '/home/endr/Developer/Robotics/Reference/ROS2/ros2_ws/build/pkg2': CMAKE_PREFIX_PATH=${CMAKE_PREFIX_PATH}:/home/endr/Developer/Robotics/Reference/ROS2/ros2_ws/install/pkg2:/home/endr/Developer/Robotics/Reference/ROS2/ros2_ws/install/pkg1:/opt/ros/jazzy DEBUGINFOD_URLS=https://debuginfod.ubuntu.com /home/endr/anaconda3/envs/robotics/bin/cmake --build /home/endr/Developer/Robotics/Reference/ROS2/ros2_ws/build/pkg2 -- -j16 -l16
[0.584s] Invoked command in '/home/endr/Developer/Robotics/Reference/ROS2/ros2_ws/build/pkg2' returned '0': CMAKE_PREFIX_PATH=${CMAKE_PREFIX_PATH}:/home/endr/Developer/Robotics/Reference/ROS2/ros2_ws/install/pkg2:/home/endr/Developer/Robotics/Reference/ROS2/ros2_ws/install/pkg1:/opt/ros/jazzy DEBUGINFOD_URLS=https://debuginfod.ubuntu.com /home/endr/anaconda3/envs/robotics/bin/cmake --build /home/endr/Developer/Robotics/Reference/ROS2/ros2_ws/build/pkg2 -- -j16 -l16
[0.828s] Invoking command in '/home/endr/Developer/Robotics/Reference/ROS2/ros2_ws/build/pkg2': CMAKE_PREFIX_PATH=${CMAKE_PREFIX_PATH}:/home/endr/Developer/Robotics/Reference/ROS2/ros2_ws/install/pkg2:/home/endr/Developer/Robotics/Reference/ROS2/ros2_ws/install/pkg1:/opt/ros/jazzy DEBUGINFOD_URLS=https://debuginfod.ubuntu.com /home/endr/anaconda3/envs/robotics/bin/cmake --install /home/endr/Developer/Robotics/Reference/ROS2/ros2_ws/build/pkg2
[1.099s] -- Install configuration: ""
[1.100s] -- Up-to-date: /home/endr/Developer/Robotics/Reference/ROS2/ros2_ws/install/pkg2/share/ament_index/resource_index/package_run_dependencies/pkg2
[1.100s] -- Up-to-date: /home/endr/Developer/Robotics/Reference/ROS2/ros2_ws/install/pkg2/share/ament_index/resource_index/parent_prefix_path/pkg2
[1.100s] -- Up-to-date: /home/endr/Developer/Robotics/Reference/ROS2/ros2_ws/install/pkg2/share/pkg2/environment/ament_prefix_path.sh
[1.100s] -- Up-to-date: /home/endr/Developer/Robotics/Reference/ROS2/ros2_ws/install/pkg2/share/pkg2/environment/ament_prefix_path.dsv
[1.100s] -- Up-to-date: /home/endr/Developer/Robotics/Reference/ROS2/ros2_ws/install/pkg2/share/pkg2/environment/path.sh
[1.100s] -- Up-to-date: /home/endr/Developer/Robotics/Reference/ROS2/ros2_ws/install/pkg2/share/pkg2/environment/path.dsv
[1.100s] -- Up-to-date: /home/endr/Developer/Robotics/Reference/ROS2/ros2_ws/install/pkg2/share/pkg2/local_setup.bash
[1.100s] -- Up-to-date: /home/endr/Developer/Robotics/Reference/ROS2/ros2_ws/install/pkg2/share/pkg2/local_setup.sh
[1.101s] -- Up-to-date: /home/endr/Developer/Robotics/Reference/ROS2/ros2_ws/install/pkg2/share/pkg2/local_setup.zsh
[1.101s] -- Up-to-date: /home/endr/Developer/Robotics/Reference/ROS2/ros2_ws/install/pkg2/share/pkg2/local_setup.dsv
[1.101s] -- Installing: /home/endr/Developer/Robotics/Reference/ROS2/ros2_ws/install/pkg2/share/pkg2/package.dsv
[1.101s] -- Up-to-date: /home/endr/Developer/Robotics/Reference/ROS2/ros2_ws/install/pkg2/share/ament_index/resource_index/packages/pkg2
[1.101s] -- Up-to-date: /home/endr/Developer/Robotics/Reference/ROS2/ros2_ws/install/pkg2/share/pkg2/cmake/pkg2Config.cmake
[1.101s] -- Up-to-date: /home/endr/Developer/Robotics/Reference/ROS2/ros2_ws/install/pkg2/share/pkg2/cmake/pkg2Config-version.cmake
[1.101s] -- Up-to-date: /home/endr/Developer/Robotics/Reference/ROS2/ros2_ws/install/pkg2/share/pkg2/package.xml
[1.104s] Invoked command in '/home/endr/Developer/Robotics/Reference/ROS2/ros2_ws/build/pkg2' returned '0': CMAKE_PREFIX_PATH=${CMAKE_PREFIX_PATH}:/home/endr/Developer/Robotics/Reference/ROS2/ros2_ws/install/pkg2:/home/endr/Developer/Robotics/Reference/ROS2/ros2_ws/install/pkg1:/opt/ros/jazzy DEBUGINFOD_URLS=https://debuginfod.ubuntu.com /home/endr/anaconda3/envs/robotics/bin/cmake --install /home/endr/Developer/Robotics/Reference/ROS2/ros2_ws/build/pkg2
