[0.804s] Invoking command in '/home/endr/Developer/Robotics/Reference/ROS2/ros2_ws/build/pkg1': DEBUGINFOD_URLS=https://debuginfod.ubuntu.com PYTHONPATH=/home/endr/Developer/Robotics/Reference/ROS2/ros2_ws/build/pkg1/prefix_override:/usr/lib/python3/dist-packages/colcon_core/task/python/colcon_distutils_commands:/home/endr/Developer/Robotics/Reference/ROS2/ros2_ws/install/pkg1/lib/python3.12/site-packages:${PYTHONPATH} /usr/bin/python3 -W ignore:setup.py install is deprecated -W ignore:easy_install command is deprecated setup.py develop --uninstall --editable --build-directory /home/endr/Developer/Robotics/Reference/ROS2/ros2_ws/build/pkg1/build
[0.998s] running develop
[1.118s] Removing /home/endr/Developer/Robotics/Reference/ROS2/ros2_ws/install/pkg1/lib/python3.12/site-packages/pkg1.egg-link (link to .)
[1.152s] Invoked command in '/home/endr/Developer/Robotics/Reference/ROS2/ros2_ws/build/pkg1' returned '0': DEBUGINFOD_URLS=https://debuginfod.ubuntu.com PYTHONPATH=/home/endr/Developer/Robotics/Reference/ROS2/ros2_ws/build/pkg1/prefix_override:/usr/lib/python3/dist-packages/colcon_core/task/python/colcon_distutils_commands:/home/endr/Developer/Robotics/Reference/ROS2/ros2_ws/install/pkg1/lib/python3.12/site-packages:${PYTHONPATH} /usr/bin/python3 -W ignore:setup.py install is deprecated -W ignore:easy_install command is deprecated setup.py develop --uninstall --editable --build-directory /home/endr/Developer/Robotics/Reference/ROS2/ros2_ws/build/pkg1/build
[1.153s] Invoking command in '/home/endr/Developer/Robotics/Reference/ROS2/ros2_ws/src/pkg1': DEBUGINFOD_URLS=https://debuginfod.ubuntu.com PYTHONPATH=/home/endr/Developer/Robotics/Reference/ROS2/ros2_ws/build/pkg1/prefix_override:/usr/lib/python3/dist-packages/colcon_core/task/python/colcon_distutils_commands:/home/endr/Developer/Robotics/Reference/ROS2/ros2_ws/install/pkg1/lib/python3.12/site-packages:${PYTHONPATH} /usr/bin/python3 -W ignore:setup.py install is deprecated -W ignore:easy_install command is deprecated setup.py egg_info --egg-base ../../build/pkg1 build --build-base /home/endr/Developer/Robotics/Reference/ROS2/ros2_ws/build/pkg1/build install --record /home/endr/Developer/Robotics/Reference/ROS2/ros2_ws/build/pkg1/install.log --single-version-externally-managed install_data --force
[1.316s] running egg_info
[1.328s] writing ../../build/pkg1/pkg1.egg-info/PKG-INFO
[1.328s] writing dependency_links to ../../build/pkg1/pkg1.egg-info/dependency_links.txt
[1.328s] writing entry points to ../../build/pkg1/pkg1.egg-info/entry_points.txt
[1.328s] writing requirements to ../../build/pkg1/pkg1.egg-info/requires.txt
[1.328s] writing top-level names to ../../build/pkg1/pkg1.egg-info/top_level.txt
[1.352s] reading manifest file '../../build/pkg1/pkg1.egg-info/SOURCES.txt'
[1.352s] writing manifest file '../../build/pkg1/pkg1.egg-info/SOURCES.txt'
[1.352s] running build
[1.352s] running build_py
[1.353s] creating /home/endr/Developer/Robotics/Reference/ROS2/ros2_ws/build/pkg1/build
[1.353s] creating /home/endr/Developer/Robotics/Reference/ROS2/ros2_ws/build/pkg1/build/lib
[1.353s] creating /home/endr/Developer/Robotics/Reference/ROS2/ros2_ws/build/pkg1/build/lib/pkg1
[1.353s] copying pkg1/__init__.py -> /home/endr/Developer/Robotics/Reference/ROS2/ros2_ws/build/pkg1/build/lib/pkg1
[1.353s] copying pkg1/node3.py -> /home/endr/Developer/Robotics/Reference/ROS2/ros2_ws/build/pkg1/build/lib/pkg1
[1.353s] copying pkg1/node1.py -> /home/endr/Developer/Robotics/Reference/ROS2/ros2_ws/build/pkg1/build/lib/pkg1
[1.353s] copying pkg1/node2.py -> /home/endr/Developer/Robotics/Reference/ROS2/ros2_ws/build/pkg1/build/lib/pkg1
[1.353s] running install
[1.357s] running install_lib
[1.368s] creating /home/endr/Developer/Robotics/Reference/ROS2/ros2_ws/install/pkg1/lib/python3.12/site-packages/pkg1
[1.369s] copying /home/endr/Developer/Robotics/Reference/ROS2/ros2_ws/build/pkg1/build/lib/pkg1/__init__.py -> /home/endr/Developer/Robotics/Reference/ROS2/ros2_ws/install/pkg1/lib/python3.12/site-packages/pkg1
[1.369s] copying /home/endr/Developer/Robotics/Reference/ROS2/ros2_ws/build/pkg1/build/lib/pkg1/node3.py -> /home/endr/Developer/Robotics/Reference/ROS2/ros2_ws/install/pkg1/lib/python3.12/site-packages/pkg1
[1.369s] copying /home/endr/Developer/Robotics/Reference/ROS2/ros2_ws/build/pkg1/build/lib/pkg1/node1.py -> /home/endr/Developer/Robotics/Reference/ROS2/ros2_ws/install/pkg1/lib/python3.12/site-packages/pkg1
[1.369s] copying /home/endr/Developer/Robotics/Reference/ROS2/ros2_ws/build/pkg1/build/lib/pkg1/node2.py -> /home/endr/Developer/Robotics/Reference/ROS2/ros2_ws/install/pkg1/lib/python3.12/site-packages/pkg1
[1.369s] byte-compiling /home/endr/Developer/Robotics/Reference/ROS2/ros2_ws/install/pkg1/lib/python3.12/site-packages/pkg1/__init__.py to __init__.cpython-312.pyc
[1.369s] byte-compiling /home/endr/Developer/Robotics/Reference/ROS2/ros2_ws/install/pkg1/lib/python3.12/site-packages/pkg1/node3.py to node3.cpython-312.pyc
[1.369s] byte-compiling /home/endr/Developer/Robotics/Reference/ROS2/ros2_ws/install/pkg1/lib/python3.12/site-packages/pkg1/node1.py to node1.cpython-312.pyc
[1.369s] byte-compiling /home/endr/Developer/Robotics/Reference/ROS2/ros2_ws/install/pkg1/lib/python3.12/site-packages/pkg1/node2.py to node2.cpython-312.pyc
[1.370s] running install_data
[1.370s] copying resource/pkg1 -> /home/endr/Developer/Robotics/Reference/ROS2/ros2_ws/install/pkg1/share/ament_index/resource_index/packages
[1.370s] copying package.xml -> /home/endr/Developer/Robotics/Reference/ROS2/ros2_ws/install/pkg1/share/pkg1
[1.370s] running install_egg_info
[1.381s] Copying ../../build/pkg1/pkg1.egg-info to /home/endr/Developer/Robotics/Reference/ROS2/ros2_ws/install/pkg1/lib/python3.12/site-packages/pkg1-0.0.1-py3.12.egg-info
[1.382s] running install_scripts
[1.470s] Installing python_node script to /home/endr/Developer/Robotics/Reference/ROS2/ros2_ws/install/pkg1/lib/pkg1
[1.470s] writing list of installed files to '/home/endr/Developer/Robotics/Reference/ROS2/ros2_ws/build/pkg1/install.log'
[1.493s] Invoked command in '/home/endr/Developer/Robotics/Reference/ROS2/ros2_ws/src/pkg1' returned '0': DEBUGINFOD_URLS=https://debuginfod.ubuntu.com PYTHONPATH=/home/endr/Developer/Robotics/Reference/ROS2/ros2_ws/build/pkg1/prefix_override:/usr/lib/python3/dist-packages/colcon_core/task/python/colcon_distutils_commands:/home/endr/Developer/Robotics/Reference/ROS2/ros2_ws/install/pkg1/lib/python3.12/site-packages:${PYTHONPATH} /usr/bin/python3 -W ignore:setup.py install is deprecated -W ignore:easy_install command is deprecated setup.py egg_info --egg-base ../../build/pkg1 build --build-base /home/endr/Developer/Robotics/Reference/ROS2/ros2_ws/build/pkg1/build install --record /home/endr/Developer/Robotics/Reference/ROS2/ros2_ws/build/pkg1/install.log --single-version-externally-managed install_data --force
