[0.912s] Invoking command in '/home/endr/Developer/Robotics/Reference/ROS2/ros2_ws/src/pkg2': DEBUGINFOD_URLS=https://debuginfod.ubuntu.com PYTHONPATH=/home/endr/Developer/Robotics/Reference/ROS2/ros2_ws/src/build/pkg2/prefix_override:/usr/lib/python3/dist-packages/colcon_core/task/python/colcon_distutils_commands:/home/endr/Developer/Robotics/Reference/ROS2/ros2_ws/src/install/pkg2/lib/python3.12/site-packages:${PYTHONPATH} /usr/bin/python3 -W ignore:setup.py install is deprecated setup.py egg_info --egg-base ../build/pkg2 build --build-base /home/endr/Developer/Robotics/Reference/ROS2/ros2_ws/src/build/pkg2/build install --record /home/endr/Developer/Robotics/Reference/ROS2/ros2_ws/src/build/pkg2/install.log --single-version-externally-managed install_data
[1.089s] running egg_info
[1.089s] creating ../build/pkg2/pkg2.egg-info
[1.101s] writing ../build/pkg2/pkg2.egg-info/PKG-INFO
[1.102s] writing dependency_links to ../build/pkg2/pkg2.egg-info/dependency_links.txt
[1.102s] writing requirements to ../build/pkg2/pkg2.egg-info/requires.txt
[1.102s] writing top-level names to ../build/pkg2/pkg2.egg-info/top_level.txt
[1.102s] writing manifest file '../build/pkg2/pkg2.egg-info/SOURCES.txt'
[1.127s] reading manifest file '../build/pkg2/pkg2.egg-info/SOURCES.txt'
[1.128s] writing manifest file '../build/pkg2/pkg2.egg-info/SOURCES.txt'
[1.128s] running build
[1.128s] running build_py
[1.128s] creating /home/endr/Developer/Robotics/Reference/ROS2/ros2_ws/src/build/pkg2/build
[1.128s] creating /home/endr/Developer/Robotics/Reference/ROS2/ros2_ws/src/build/pkg2/build/lib
[1.128s] creating /home/endr/Developer/Robotics/Reference/ROS2/ros2_ws/src/build/pkg2/build/lib/pkg2
[1.128s] copying pkg2/__init__.py -> /home/endr/Developer/Robotics/Reference/ROS2/ros2_ws/src/build/pkg2/build/lib/pkg2
[1.128s] running install
[1.133s] running install_lib
[1.145s] creating /home/endr/Developer/Robotics/Reference/ROS2/ros2_ws/src/install/pkg2/lib/python3.12/site-packages/pkg2
[1.145s] copying /home/endr/Developer/Robotics/Reference/ROS2/ros2_ws/src/build/pkg2/build/lib/pkg2/__init__.py -> /home/endr/Developer/Robotics/Reference/ROS2/ros2_ws/src/install/pkg2/lib/python3.12/site-packages/pkg2
[1.145s] byte-compiling /home/endr/Developer/Robotics/Reference/ROS2/ros2_ws/src/install/pkg2/lib/python3.12/site-packages/pkg2/__init__.py to __init__.cpython-312.pyc
[1.145s] running install_data
[1.145s] creating /home/endr/Developer/Robotics/Reference/ROS2/ros2_ws/src/install/pkg2/share/ament_index
[1.145s] creating /home/endr/Developer/Robotics/Reference/ROS2/ros2_ws/src/install/pkg2/share/ament_index/resource_index
[1.145s] creating /home/endr/Developer/Robotics/Reference/ROS2/ros2_ws/src/install/pkg2/share/ament_index/resource_index/packages
[1.146s] copying resource/pkg2 -> /home/endr/Developer/Robotics/Reference/ROS2/ros2_ws/src/install/pkg2/share/ament_index/resource_index/packages
[1.146s] copying package.xml -> /home/endr/Developer/Robotics/Reference/ROS2/ros2_ws/src/install/pkg2/share/pkg2
[1.146s] running install_egg_info
[1.159s] Copying ../build/pkg2/pkg2.egg-info to /home/endr/Developer/Robotics/Reference/ROS2/ros2_ws/src/install/pkg2/lib/python3.12/site-packages/pkg2-0.0.0-py3.12.egg-info
[1.160s] running install_scripts
[1.251s] writing list of installed files to '/home/endr/Developer/Robotics/Reference/ROS2/ros2_ws/src/build/pkg2/install.log'
[1.282s] Invoked command in '/home/endr/Developer/Robotics/Reference/ROS2/ros2_ws/src/pkg2' returned '0': DEBUGINFOD_URLS=https://debuginfod.ubuntu.com PYTHONPATH=/home/endr/Developer/Robotics/Reference/ROS2/ros2_ws/src/build/pkg2/prefix_override:/usr/lib/python3/dist-packages/colcon_core/task/python/colcon_distutils_commands:/home/endr/Developer/Robotics/Reference/ROS2/ros2_ws/src/install/pkg2/lib/python3.12/site-packages:${PYTHONPATH} /usr/bin/python3 -W ignore:setup.py install is deprecated setup.py egg_info --egg-base ../build/pkg2 build --build-base /home/endr/Developer/Robotics/Reference/ROS2/ros2_ws/src/build/pkg2/build install --record /home/endr/Developer/Robotics/Reference/ROS2/ros2_ws/src/build/pkg2/install.log --single-version-externally-managed install_data
