[0.202s] DEBUG:colcon:Command line arguments: ['/usr/bin/colcon', 'build']
[0.202s] DEBUG:colcon:Parsed command line arguments: Namespace(log_base=None, log_level=None, verb_name='build', build_base='build', install_base='install', merge_install=False, symlink_install=False, test_result_base=None, continue_on_error=False, executor='parallel', parallel_workers=16, event_handlers=None, ignore_user_meta=False, metas=['./colcon.meta'], base_paths=['.'], packages_ignore=None, packages_ignore_regex=None, paths=None, packages_up_to=None, packages_up_to_regex=None, packages_above=None, packages_above_and_dependencies=None, packages_above_depth=None, packages_select_by_dep=None, packages_skip_by_dep=None, packages_skip_up_to=None, packages_select_build_failed=False, packages_skip_build_finished=False, packages_select_test_failures=False, packages_skip_test_passed=False, packages_select=None, packages_skip=None, packages_select_regex=None, packages_skip_regex=None, packages_start=None, packages_end=None, allow_overriding=[], cmake_args=None, cmake_target=None, cmake_target_skip_unavailable=False, cmake_clean_cache=False, cmake_clean_first=False, cmake_force_configure=False, ament_cmake_args=None, catkin_cmake_args=None, catkin_skip_building_tests=False, mixin_files=None, mixin=None, verb_parser=<colcon_mixin.mixin.mixin_argument.MixinArgumentDecorator object at 0x72f8e2d67e30>, verb_extension=<colcon_core.verb.build.BuildVerb object at 0x72f8e2d67860>, main=<bound method BuildVerb.main of <colcon_core.verb.build.BuildVerb object at 0x72f8e2d67860>>, mixin_verb=('build',))
[0.271s] Level 1:colcon.colcon_core.package_discovery:discover_packages(colcon_meta) check parameters
[0.271s] Level 1:colcon.colcon_core.package_discovery:discover_packages(recursive) check parameters
[0.271s] Level 1:colcon.colcon_core.package_discovery:discover_packages(ignore) check parameters
[0.271s] Level 1:colcon.colcon_core.package_discovery:discover_packages(path) check parameters
[0.272s] Level 1:colcon.colcon_core.package_discovery:discover_packages(colcon_meta) discover
[0.272s] Level 1:colcon.colcon_core.package_discovery:discover_packages(recursive) discover
[0.272s] INFO:colcon.colcon_core.package_discovery:Crawling recursively for packages in '/home/endr/Developer/Robotics/Reference/ROS2/ros2_ws/src'
[0.272s] Level 1:colcon.colcon_core.package_identification:_identify(.) by extensions ['ignore', 'ignore_ament_install']
[0.272s] Level 1:colcon.colcon_core.package_identification:_identify(.) by extension 'ignore'
[0.272s] Level 1:colcon.colcon_core.package_identification:_identify(.) by extension 'ignore_ament_install'
[0.272s] Level 1:colcon.colcon_core.package_identification:_identify(.) by extensions ['colcon_pkg']
[0.272s] Level 1:colcon.colcon_core.package_identification:_identify(.) by extension 'colcon_pkg'
[0.272s] Level 1:colcon.colcon_core.package_identification:_identify(.) by extensions ['colcon_meta']
[0.272s] Level 1:colcon.colcon_core.package_identification:_identify(.) by extension 'colcon_meta'
[0.272s] Level 1:colcon.colcon_core.package_identification:_identify(.) by extensions ['ros']
[0.272s] Level 1:colcon.colcon_core.package_identification:_identify(.) by extension 'ros'
[0.311s] Level 1:colcon.colcon_core.package_identification:_identify(.) by extensions ['cmake', 'python']
[0.311s] Level 1:colcon.colcon_core.package_identification:_identify(.) by extension 'cmake'
[0.311s] Level 1:colcon.colcon_core.package_identification:_identify(.) by extension 'python'
[0.311s] Level 1:colcon.colcon_core.package_identification:_identify(.) by extensions ['python_setup_py']
[0.311s] Level 1:colcon.colcon_core.package_identification:_identify(.) by extension 'python_setup_py'
[0.311s] Level 1:colcon.colcon_core.package_identification:_identify(build) by extensions ['ignore', 'ignore_ament_install']
[0.312s] Level 1:colcon.colcon_core.package_identification:_identify(build) by extension 'ignore'
[0.312s] Level 1:colcon.colcon_core.package_identification:_identify(build) ignored
[0.312s] Level 1:colcon.colcon_core.package_identification:_identify(install) by extensions ['ignore', 'ignore_ament_install']
[0.312s] Level 1:colcon.colcon_core.package_identification:_identify(install) by extension 'ignore'
[0.312s] Level 1:colcon.colcon_core.package_identification:_identify(install) ignored
[0.312s] Level 1:colcon.colcon_core.package_identification:_identify(log) by extensions ['ignore', 'ignore_ament_install']
[0.313s] Level 1:colcon.colcon_core.package_identification:_identify(log) by extension 'ignore'
[0.313s] Level 1:colcon.colcon_core.package_identification:_identify(log) ignored
[0.313s] Level 1:colcon.colcon_core.package_identification:_identify(pkg1) by extensions ['ignore', 'ignore_ament_install']
[0.313s] Level 1:colcon.colcon_core.package_identification:_identify(pkg1) by extension 'ignore'
[0.313s] Level 1:colcon.colcon_core.package_identification:_identify(pkg1) by extension 'ignore_ament_install'
[0.313s] Level 1:colcon.colcon_core.package_identification:_identify(pkg1) by extensions ['colcon_pkg']
[0.313s] Level 1:colcon.colcon_core.package_identification:_identify(pkg1) by extension 'colcon_pkg'
[0.313s] Level 1:colcon.colcon_core.package_identification:_identify(pkg1) by extensions ['colcon_meta']
[0.313s] Level 1:colcon.colcon_core.package_identification:_identify(pkg1) by extension 'colcon_meta'
[0.313s] Level 1:colcon.colcon_core.package_identification:_identify(pkg1) by extensions ['ros']
[0.313s] Level 1:colcon.colcon_core.package_identification:_identify(pkg1) by extension 'ros'
[0.319s] DEBUG:colcon.colcon_core.package_identification:Package 'pkg1' with type 'ros.ament_python' and name 'pkg1'
[0.319s] Level 1:colcon.colcon_core.package_identification:_identify(pkg2) by extensions ['ignore', 'ignore_ament_install']
[0.319s] Level 1:colcon.colcon_core.package_identification:_identify(pkg2) by extension 'ignore'
[0.319s] Level 1:colcon.colcon_core.package_identification:_identify(pkg2) by extension 'ignore_ament_install'
[0.319s] Level 1:colcon.colcon_core.package_identification:_identify(pkg2) by extensions ['colcon_pkg']
[0.319s] Level 1:colcon.colcon_core.package_identification:_identify(pkg2) by extension 'colcon_pkg'
[0.319s] Level 1:colcon.colcon_core.package_identification:_identify(pkg2) by extensions ['colcon_meta']
[0.319s] Level 1:colcon.colcon_core.package_identification:_identify(pkg2) by extension 'colcon_meta'
[0.320s] Level 1:colcon.colcon_core.package_identification:_identify(pkg2) by extensions ['ros']
[0.320s] Level 1:colcon.colcon_core.package_identification:_identify(pkg2) by extension 'ros'
[0.320s] DEBUG:colcon.colcon_core.package_identification:Package 'pkg2' with type 'ros.ament_cmake' and name 'pkg2'
[0.320s] Level 1:colcon.colcon_core.package_discovery:discover_packages(recursive) using defaults
[0.320s] Level 1:colcon.colcon_core.package_discovery:discover_packages(ignore) discover
[0.320s] Level 1:colcon.colcon_core.package_discovery:discover_packages(ignore) using defaults
[0.320s] Level 1:colcon.colcon_core.package_discovery:discover_packages(path) discover
[0.320s] Level 1:colcon.colcon_core.package_discovery:discover_packages(path) using defaults
[0.347s] Level 1:colcon.colcon_core.package_discovery:discover_packages(prefix_path) check parameters
[0.347s] Level 1:colcon.colcon_core.package_discovery:discover_packages(prefix_path) discover
[0.350s] DEBUG:colcon.colcon_installed_package_information.package_discovery:Found 2 installed packages in /home/endr/Developer/Robotics/Reference/ROS2/ros2_ws/install
[0.352s] DEBUG:colcon.colcon_installed_package_information.package_discovery:Found 285 installed packages in /opt/ros/jazzy
[0.353s] Level 1:colcon.colcon_core.package_discovery:discover_packages(prefix_path) using defaults
[0.405s] Level 5:colcon.colcon_core.verb:set package 'pkg1' build argument 'cmake_args' from command line to 'None'
[0.405s] Level 5:colcon.colcon_core.verb:set package 'pkg1' build argument 'cmake_target' from command line to 'None'
[0.405s] Level 5:colcon.colcon_core.verb:set package 'pkg1' build argument 'cmake_target_skip_unavailable' from command line to 'False'
[0.405s] Level 5:colcon.colcon_core.verb:set package 'pkg1' build argument 'cmake_clean_cache' from command line to 'False'
[0.405s] Level 5:colcon.colcon_core.verb:set package 'pkg1' build argument 'cmake_clean_first' from command line to 'False'
[0.405s] Level 5:colcon.colcon_core.verb:set package 'pkg1' build argument 'cmake_force_configure' from command line to 'False'
[0.405s] Level 5:colcon.colcon_core.verb:set package 'pkg1' build argument 'ament_cmake_args' from command line to 'None'
[0.405s] Level 5:colcon.colcon_core.verb:set package 'pkg1' build argument 'catkin_cmake_args' from command line to 'None'
[0.405s] Level 5:colcon.colcon_core.verb:set package 'pkg1' build argument 'catkin_skip_building_tests' from command line to 'False'
[0.406s] DEBUG:colcon.colcon_core.verb:Building package 'pkg1' with the following arguments: {'ament_cmake_args': None, 'build_base': '/home/endr/Developer/Robotics/Reference/ROS2/ros2_ws/src/build/pkg1', 'catkin_cmake_args': None, 'catkin_skip_building_tests': False, 'cmake_args': None, 'cmake_clean_cache': False, 'cmake_clean_first': False, 'cmake_force_configure': False, 'cmake_target': None, 'cmake_target_skip_unavailable': False, 'install_base': '/home/endr/Developer/Robotics/Reference/ROS2/ros2_ws/src/install/pkg1', 'merge_install': False, 'path': '/home/endr/Developer/Robotics/Reference/ROS2/ros2_ws/src/pkg1', 'symlink_install': False, 'test_result_base': None}
[0.406s] Level 5:colcon.colcon_core.verb:set package 'pkg2' build argument 'cmake_args' from command line to 'None'
[0.406s] Level 5:colcon.colcon_core.verb:set package 'pkg2' build argument 'cmake_target' from command line to 'None'
[0.406s] Level 5:colcon.colcon_core.verb:set package 'pkg2' build argument 'cmake_target_skip_unavailable' from command line to 'False'
[0.406s] Level 5:colcon.colcon_core.verb:set package 'pkg2' build argument 'cmake_clean_cache' from command line to 'False'
[0.406s] Level 5:colcon.colcon_core.verb:set package 'pkg2' build argument 'cmake_clean_first' from command line to 'False'
[0.406s] Level 5:colcon.colcon_core.verb:set package 'pkg2' build argument 'cmake_force_configure' from command line to 'False'
[0.406s] Level 5:colcon.colcon_core.verb:set package 'pkg2' build argument 'ament_cmake_args' from command line to 'None'
[0.406s] Level 5:colcon.colcon_core.verb:set package 'pkg2' build argument 'catkin_cmake_args' from command line to 'None'
[0.406s] Level 5:colcon.colcon_core.verb:set package 'pkg2' build argument 'catkin_skip_building_tests' from command line to 'False'
[0.406s] DEBUG:colcon.colcon_core.verb:Building package 'pkg2' with the following arguments: {'ament_cmake_args': None, 'build_base': '/home/endr/Developer/Robotics/Reference/ROS2/ros2_ws/src/build/pkg2', 'catkin_cmake_args': None, 'catkin_skip_building_tests': False, 'cmake_args': None, 'cmake_clean_cache': False, 'cmake_clean_first': False, 'cmake_force_configure': False, 'cmake_target': None, 'cmake_target_skip_unavailable': False, 'install_base': '/home/endr/Developer/Robotics/Reference/ROS2/ros2_ws/src/install/pkg2', 'merge_install': False, 'path': '/home/endr/Developer/Robotics/Reference/ROS2/ros2_ws/src/pkg2', 'symlink_install': False, 'test_result_base': None}
[0.406s] INFO:colcon.colcon_core.executor:Executing jobs using 'parallel' executor
[0.407s] DEBUG:colcon.colcon_parallel_executor.executor.parallel:run_until_complete
[0.408s] INFO:colcon.colcon_ros.task.ament_python.build:Building ROS package in '/home/endr/Developer/Robotics/Reference/ROS2/ros2_ws/src/pkg1' with build type 'ament_python'
[0.408s] Level 1:colcon.colcon_core.shell:create_environment_hook('pkg1', 'ament_prefix_path')
[0.413s] INFO:colcon.colcon_core.plugin_system:Skipping extension 'colcon_core.shell.bat': Not used on non-Windows systems
[0.413s] INFO:colcon.colcon_core.shell:Creating environment hook '/home/endr/Developer/Robotics/Reference/ROS2/ros2_ws/src/install/pkg1/share/pkg1/hook/ament_prefix_path.ps1'
[0.414s] INFO:colcon.colcon_core.shell:Creating environment descriptor '/home/endr/Developer/Robotics/Reference/ROS2/ros2_ws/src/install/pkg1/share/pkg1/hook/ament_prefix_path.dsv'
[0.415s] INFO:colcon.colcon_core.shell:Creating environment hook '/home/endr/Developer/Robotics/Reference/ROS2/ros2_ws/src/install/pkg1/share/pkg1/hook/ament_prefix_path.sh'
[0.416s] INFO:colcon.colcon_core.shell:Skip shell extension 'powershell' for command environment: Not usable outside of PowerShell
[0.416s] DEBUG:colcon.colcon_core.shell:Skip shell extension 'dsv' for command environment
[0.420s] INFO:colcon.colcon_ros.task.ament_cmake.build:Building ROS package in '/home/endr/Developer/Robotics/Reference/ROS2/ros2_ws/src/pkg2' with build type 'ament_cmake'
[0.420s] INFO:colcon.colcon_cmake.task.cmake.build:Building CMake package in '/home/endr/Developer/Robotics/Reference/ROS2/ros2_ws/src/pkg2'
[0.420s] INFO:colcon.colcon_core.shell:Skip shell extension 'powershell' for command environment: Not usable outside of PowerShell
[0.420s] DEBUG:colcon.colcon_core.shell:Skip shell extension 'dsv' for command environment
[0.815s] INFO:colcon.colcon_core.task.python.build:Building Python package in '/home/endr/Developer/Robotics/Reference/ROS2/ros2_ws/src/pkg1'
[0.815s] INFO:colcon.colcon_core.shell:Skip shell extension 'powershell' for command environment: Not usable outside of PowerShell
[0.816s] DEBUG:colcon.colcon_core.shell:Skip shell extension 'dsv' for command environment
[0.830s] DEBUG:colcon.colcon_core.event_handler.log_command:Invoking command in '/home/endr/Developer/Robotics/Reference/ROS2/ros2_ws/src/build/pkg2': CMAKE_PREFIX_PATH=${CMAKE_PREFIX_PATH}:/home/endr/Developer/Robotics/Reference/ROS2/ros2_ws/install/pkg2:/home/endr/Developer/Robotics/Reference/ROS2/ros2_ws/install/pkg1:/opt/ros/jazzy DEBUGINFOD_URLS=https://debuginfod.ubuntu.com /home/endr/.local/bin/cmake /home/endr/Developer/Robotics/Reference/ROS2/ros2_ws/src/pkg2 -DCMAKE_INSTALL_PREFIX=/home/endr/Developer/Robotics/Reference/ROS2/ros2_ws/src/install/pkg2
[1.054s] Level 1:colcon.colcon_core.environment:create_environment_scripts_only(pkg2)
[1.056s] DEBUG:colcon.colcon_core.event_handler.log_command:Invoked command in '/home/endr/Developer/Robotics/Reference/ROS2/ros2_ws/src/build/pkg2' returned '1': CMAKE_PREFIX_PATH=${CMAKE_PREFIX_PATH}:/home/endr/Developer/Robotics/Reference/ROS2/ros2_ws/install/pkg2:/home/endr/Developer/Robotics/Reference/ROS2/ros2_ws/install/pkg1:/opt/ros/jazzy DEBUGINFOD_URLS=https://debuginfod.ubuntu.com /home/endr/.local/bin/cmake /home/endr/Developer/Robotics/Reference/ROS2/ros2_ws/src/pkg2 -DCMAKE_INSTALL_PREFIX=/home/endr/Developer/Robotics/Reference/ROS2/ros2_ws/src/install/pkg2
[1.061s] Level 1:colcon.colcon_core.environment:checking '/home/endr/Developer/Robotics/Reference/ROS2/ros2_ws/src/install/pkg2' for CMake module files
[1.062s] Level 1:colcon.colcon_core.environment:checking '/home/endr/Developer/Robotics/Reference/ROS2/ros2_ws/src/install/pkg2' for CMake config files
[1.062s] Level 1:colcon.colcon_core.environment:checking '/home/endr/Developer/Robotics/Reference/ROS2/ros2_ws/src/install/pkg2/lib'
[1.063s] Level 1:colcon.colcon_core.environment:checking '/home/endr/Developer/Robotics/Reference/ROS2/ros2_ws/src/install/pkg2/bin'
[1.063s] Level 1:colcon.colcon_core.environment:checking '/home/endr/Developer/Robotics/Reference/ROS2/ros2_ws/src/install/pkg2/lib/pkgconfig/pkg2.pc'
[1.063s] Level 1:colcon.colcon_core.environment:checking '/home/endr/Developer/Robotics/Reference/ROS2/ros2_ws/src/install/pkg2/lib/python3.12/site-packages'
[1.063s] Level 1:colcon.colcon_core.shell:create_environment_hook('pkg2', 'pythonpath')
[1.063s] INFO:colcon.colcon_core.shell:Creating environment hook '/home/endr/Developer/Robotics/Reference/ROS2/ros2_ws/src/install/pkg2/share/pkg2/hook/pythonpath.ps1'
[1.064s] INFO:colcon.colcon_core.shell:Creating environment descriptor '/home/endr/Developer/Robotics/Reference/ROS2/ros2_ws/src/install/pkg2/share/pkg2/hook/pythonpath.dsv'
[1.064s] INFO:colcon.colcon_core.shell:Creating environment hook '/home/endr/Developer/Robotics/Reference/ROS2/ros2_ws/src/install/pkg2/share/pkg2/hook/pythonpath.sh'
[1.065s] Level 1:colcon.colcon_core.environment:checking '/home/endr/Developer/Robotics/Reference/ROS2/ros2_ws/src/install/pkg2/bin'
[1.065s] INFO:colcon.colcon_core.shell:Creating package script '/home/endr/Developer/Robotics/Reference/ROS2/ros2_ws/src/install/pkg2/share/pkg2/package.ps1'
[1.066s] INFO:colcon.colcon_core.shell:Creating package descriptor '/home/endr/Developer/Robotics/Reference/ROS2/ros2_ws/src/install/pkg2/share/pkg2/package.dsv'
[1.067s] INFO:colcon.colcon_core.shell:Creating package script '/home/endr/Developer/Robotics/Reference/ROS2/ros2_ws/src/install/pkg2/share/pkg2/package.sh'
[1.067s] INFO:colcon.colcon_core.shell:Creating package script '/home/endr/Developer/Robotics/Reference/ROS2/ros2_ws/src/install/pkg2/share/pkg2/package.bash'
[1.068s] INFO:colcon.colcon_core.shell:Creating package script '/home/endr/Developer/Robotics/Reference/ROS2/ros2_ws/src/install/pkg2/share/pkg2/package.zsh'
[1.069s] Level 1:colcon.colcon_core.environment:create_file_with_runtime_dependencies(/home/endr/Developer/Robotics/Reference/ROS2/ros2_ws/src/install/pkg2/share/colcon-core/packages/pkg2)
[1.769s] DEBUG:colcon.colcon_parallel_executor.executor.parallel:closing loop
[1.769s] DEBUG:colcon.colcon_parallel_executor.executor.parallel:loop closed
[1.769s] DEBUG:colcon.colcon_parallel_executor.executor.parallel:run_until_complete finished with '1'
[1.770s] DEBUG:colcon.colcon_core.event_reactor:joining thread
[1.779s] INFO:colcon.colcon_core.plugin_system:Skipping extension 'colcon_notification.desktop_notification.terminal_notifier': Not used on non-Darwin systems
[1.779s] INFO:colcon.colcon_core.plugin_system:Skipping extension 'colcon_notification.desktop_notification.win32': Not used on non-Windows systems
[1.779s] INFO:colcon.colcon_notification.desktop_notification:Sending desktop notification using 'notify2'
[1.792s] DEBUG:colcon.colcon_core.event_reactor:joined thread
[1.793s] INFO:colcon.colcon_core.shell:Creating prefix script '/home/endr/Developer/Robotics/Reference/ROS2/ros2_ws/src/install/local_setup.ps1'
[1.794s] INFO:colcon.colcon_core.shell:Creating prefix util module '/home/endr/Developer/Robotics/Reference/ROS2/ros2_ws/src/install/_local_setup_util_ps1.py'
[1.796s] INFO:colcon.colcon_core.shell:Creating prefix chain script '/home/endr/Developer/Robotics/Reference/ROS2/ros2_ws/src/install/setup.ps1'
[1.797s] INFO:colcon.colcon_core.shell:Creating prefix script '/home/endr/Developer/Robotics/Reference/ROS2/ros2_ws/src/install/local_setup.sh'
[1.797s] INFO:colcon.colcon_core.shell:Creating prefix util module '/home/endr/Developer/Robotics/Reference/ROS2/ros2_ws/src/install/_local_setup_util_sh.py'
[1.798s] INFO:colcon.colcon_core.shell:Creating prefix chain script '/home/endr/Developer/Robotics/Reference/ROS2/ros2_ws/src/install/setup.sh'
[1.799s] INFO:colcon.colcon_core.shell:Creating prefix script '/home/endr/Developer/Robotics/Reference/ROS2/ros2_ws/src/install/local_setup.bash'
[1.800s] INFO:colcon.colcon_core.shell:Creating prefix chain script '/home/endr/Developer/Robotics/Reference/ROS2/ros2_ws/src/install/setup.bash'
[1.801s] INFO:colcon.colcon_core.shell:Creating prefix script '/home/endr/Developer/Robotics/Reference/ROS2/ros2_ws/src/install/local_setup.zsh'
[1.801s] INFO:colcon.colcon_core.shell:Creating prefix chain script '/home/endr/Developer/Robotics/Reference/ROS2/ros2_ws/src/install/setup.zsh'
