[0.630s] Invoking command in '/home/endr/Developer/Robotics/Reference/ROS2/ros2_ws/src/pkg1': DEBUGINFOD_URLS=https://debuginfod.ubuntu.com PYTHONPATH=/home/endr/Developer/Robotics/Reference/ROS2/ros2_ws/src/pkg1/build/pkg1/prefix_override:/usr/lib/python3/dist-packages/colcon_core/task/python/colcon_distutils_commands:/home/endr/Developer/Robotics/Reference/ROS2/ros2_ws/src/pkg1/install/pkg1/lib/python3.12/site-packages:${PYTHONPATH} /usr/bin/python3 -W ignore:setup.py install is deprecated setup.py egg_info --egg-base build/pkg1 build --build-base /home/endr/Developer/Robotics/Reference/ROS2/ros2_ws/src/pkg1/build/pkg1/build install --record /home/endr/Developer/Robotics/Reference/ROS2/ros2_ws/src/pkg1/build/pkg1/install.log --single-version-externally-managed install_data
[0.800s] running egg_info
[0.801s] creating build/pkg1/pkg1.egg-info
[0.813s] writing build/pkg1/pkg1.egg-info/PKG-INFO
[0.813s] writing dependency_links to build/pkg1/pkg1.egg-info/dependency_links.txt
[0.813s] writing requirements to build/pkg1/pkg1.egg-info/requires.txt
[0.813s] writing top-level names to build/pkg1/pkg1.egg-info/top_level.txt
[0.814s] writing manifest file 'build/pkg1/pkg1.egg-info/SOURCES.txt'
[0.837s] reading manifest file 'build/pkg1/pkg1.egg-info/SOURCES.txt'
[0.838s] writing manifest file 'build/pkg1/pkg1.egg-info/SOURCES.txt'
[0.838s] running build
[0.838s] running build_py
[0.838s] creating /home/endr/Developer/Robotics/Reference/ROS2/ros2_ws/src/pkg1/build/pkg1/build
[0.838s] creating /home/endr/Developer/Robotics/Reference/ROS2/ros2_ws/src/pkg1/build/pkg1/build/lib
[0.838s] creating /home/endr/Developer/Robotics/Reference/ROS2/ros2_ws/src/pkg1/build/pkg1/build/lib/pkg1
[0.839s] copying pkg1/__init__.py -> /home/endr/Developer/Robotics/Reference/ROS2/ros2_ws/src/pkg1/build/pkg1/build/lib/pkg1
[0.839s] copying pkg1/node3.py -> /home/endr/Developer/Robotics/Reference/ROS2/ros2_ws/src/pkg1/build/pkg1/build/lib/pkg1
[0.839s] copying pkg1/node1.py -> /home/endr/Developer/Robotics/Reference/ROS2/ros2_ws/src/pkg1/build/pkg1/build/lib/pkg1
[0.839s] copying pkg1/node2.py -> /home/endr/Developer/Robotics/Reference/ROS2/ros2_ws/src/pkg1/build/pkg1/build/lib/pkg1
[0.839s] running install
[0.843s] running install_lib
[0.855s] creating /home/endr/Developer/Robotics/Reference/ROS2/ros2_ws/src/pkg1/install/pkg1/lib/python3.12/site-packages/pkg1
[0.855s] copying /home/endr/Developer/Robotics/Reference/ROS2/ros2_ws/src/pkg1/build/pkg1/build/lib/pkg1/__init__.py -> /home/endr/Developer/Robotics/Reference/ROS2/ros2_ws/src/pkg1/install/pkg1/lib/python3.12/site-packages/pkg1
[0.855s] copying /home/endr/Developer/Robotics/Reference/ROS2/ros2_ws/src/pkg1/build/pkg1/build/lib/pkg1/node3.py -> /home/endr/Developer/Robotics/Reference/ROS2/ros2_ws/src/pkg1/install/pkg1/lib/python3.12/site-packages/pkg1
[0.856s] copying /home/endr/Developer/Robotics/Reference/ROS2/ros2_ws/src/pkg1/build/pkg1/build/lib/pkg1/node1.py -> /home/endr/Developer/Robotics/Reference/ROS2/ros2_ws/src/pkg1/install/pkg1/lib/python3.12/site-packages/pkg1
[0.856s] copying /home/endr/Developer/Robotics/Reference/ROS2/ros2_ws/src/pkg1/build/pkg1/build/lib/pkg1/node2.py -> /home/endr/Developer/Robotics/Reference/ROS2/ros2_ws/src/pkg1/install/pkg1/lib/python3.12/site-packages/pkg1
[0.856s] byte-compiling /home/endr/Developer/Robotics/Reference/ROS2/ros2_ws/src/pkg1/install/pkg1/lib/python3.12/site-packages/pkg1/__init__.py to __init__.cpython-312.pyc
[0.856s] byte-compiling /home/endr/Developer/Robotics/Reference/ROS2/ros2_ws/src/pkg1/install/pkg1/lib/python3.12/site-packages/pkg1/node3.py to node3.cpython-312.pyc
[0.856s] byte-compiling /home/endr/Developer/Robotics/Reference/ROS2/ros2_ws/src/pkg1/install/pkg1/lib/python3.12/site-packages/pkg1/node1.py to node1.cpython-312.pyc
[0.857s] byte-compiling /home/endr/Developer/Robotics/Reference/ROS2/ros2_ws/src/pkg1/install/pkg1/lib/python3.12/site-packages/pkg1/node2.py to node2.cpython-312.pyc
[0.857s] running install_data
[0.857s] creating /home/endr/Developer/Robotics/Reference/ROS2/ros2_ws/src/pkg1/install/pkg1/share/ament_index
[0.857s] creating /home/endr/Developer/Robotics/Reference/ROS2/ros2_ws/src/pkg1/install/pkg1/share/ament_index/resource_index
[0.857s] creating /home/endr/Developer/Robotics/Reference/ROS2/ros2_ws/src/pkg1/install/pkg1/share/ament_index/resource_index/packages
[0.857s] copying resource/pkg1 -> /home/endr/Developer/Robotics/Reference/ROS2/ros2_ws/src/pkg1/install/pkg1/share/ament_index/resource_index/packages
[0.857s] copying package.xml -> /home/endr/Developer/Robotics/Reference/ROS2/ros2_ws/src/pkg1/install/pkg1/share/pkg1
[0.857s] running install_egg_info
[0.869s] Copying build/pkg1/pkg1.egg-info to /home/endr/Developer/Robotics/Reference/ROS2/ros2_ws/src/pkg1/install/pkg1/lib/python3.12/site-packages/pkg1-0.0.0-py3.12.egg-info
[0.870s] running install_scripts
[0.963s] writing list of installed files to '/home/endr/Developer/Robotics/Reference/ROS2/ros2_ws/src/pkg1/build/pkg1/install.log'
[0.986s] Invoked command in '/home/endr/Developer/Robotics/Reference/ROS2/ros2_ws/src/pkg1' returned '0': DEBUGINFOD_URLS=https://debuginfod.ubuntu.com PYTHONPATH=/home/endr/Developer/Robotics/Reference/ROS2/ros2_ws/src/pkg1/build/pkg1/prefix_override:/usr/lib/python3/dist-packages/colcon_core/task/python/colcon_distutils_commands:/home/endr/Developer/Robotics/Reference/ROS2/ros2_ws/src/pkg1/install/pkg1/lib/python3.12/site-packages:${PYTHONPATH} /usr/bin/python3 -W ignore:setup.py install is deprecated setup.py egg_info --egg-base build/pkg1 build --build-base /home/endr/Developer/Robotics/Reference/ROS2/ros2_ws/src/pkg1/build/pkg1/build install --record /home/endr/Developer/Robotics/Reference/ROS2/ros2_ws/src/pkg1/build/pkg1/install.log --single-version-externally-managed install_data
